<?xml version="1.0" encoding="UTF-8"?>
<coverage generated="1755097546929" clover="3.2.0">
  <project timestamp="1755097546929" name="All files">
    <metrics statements="256" coveredstatements="220" conditionals="173" coveredconditionals="113" methods="67" coveredmethods="61" elements="496" coveredelements="394" complexity="0" loc="256" ncloc="256" packages="4" files="7" classes="7"/>
    <package name="src">
      <metrics statements="49" coveredstatements="45" conditionals="18" coveredconditionals="14" methods="8" coveredmethods="7"/>
      <file name="App.tsx" path="/home/runner/work/climbing-weather-ts/climbing-weather-ts/src/App.tsx">
        <metrics statements="49" coveredstatements="45" conditionals="18" coveredconditionals="14" methods="8" coveredmethods="7"/>
        <line num="1" count="1" type="stmt"/>
        <line num="2" count="1" type="stmt"/>
        <line num="3" count="1" type="stmt"/>
        <line num="4" count="1" type="stmt"/>
        <line num="5" count="1" type="stmt"/>
        <line num="6" count="1" type="stmt"/>
        <line num="7" count="1" type="stmt"/>
        <line num="18" count="44" type="stmt"/>
        <line num="19" count="43" type="stmt"/>
        <line num="20" count="43" type="stmt"/>
        <line num="21" count="43" type="stmt"/>
        <line num="22" count="43" type="stmt"/>
        <line num="24" count="43" type="stmt"/>
        <line num="26" count="43" type="stmt"/>
        <line num="27" count="16" type="cond" truecount="1" falsecount="1"/>
        <line num="29" count="16" type="stmt"/>
        <line num="30" count="16" type="stmt"/>
        <line num="32" count="16" type="stmt"/>
        <line num="33" count="16" type="stmt"/>
        <line num="35" count="16" type="stmt"/>
        <line num="36" count="35" type="stmt"/>
        <line num="37" count="35" type="cond" truecount="1" falsecount="1"/>
        <line num="38" count="35" type="stmt"/>
        <line num="39" count="35" type="stmt"/>
        <line num="40" count="34" type="stmt"/>
        <line num="46" count="1" type="stmt"/>
        <line num="48" count="1" type="cond" truecount="1" falsecount="1"/>
        <line num="49" count="1" type="stmt"/>
        <line num="58" count="16" type="stmt"/>
        <line num="59" count="16" type="stmt"/>
        <line num="61" count="0" type="stmt"/>
        <line num="62" count="0" type="stmt"/>
        <line num="64" count="16" type="stmt"/>
        <line num="68" count="43" type="stmt"/>
        <line num="69" count="16" type="stmt"/>
        <line num="72" count="43" type="stmt"/>
        <line num="73" count="43" type="cond" truecount="2" falsecount="0"/>
        <line num="74" count="16" type="stmt"/>
        <line num="77" count="27" type="cond" truecount="1" falsecount="1"/>
        <line num="78" count="0" type="stmt"/>
        <line num="81" count="27" type="cond" truecount="2" falsecount="0"/>
        <line num="82" count="11" type="stmt"/>
        <line num="85" count="16" type="cond" truecount="2" falsecount="0"/>
        <line num="86" count="12" type="stmt"/>
        <line num="91" count="24" type="stmt"/>
        <line num="98" count="43" type="stmt"/>
        <line num="123" count="0" type="stmt"/>
        <line num="129" count="3" type="stmt"/>
        <line num="146" count="1" type="stmt"/>
      </file>
    </package>
    <package name="src.components">
      <metrics statements="133" coveredstatements="101" conditionals="116" coveredconditionals="60" methods="37" coveredmethods="32"/>
      <file name="ForecastTable.tsx" path="/home/runner/work/climbing-weather-ts/climbing-weather-ts/src/components/ForecastTable.tsx">
        <metrics statements="41" coveredstatements="24" conditionals="49" coveredconditionals="14" methods="8" coveredmethods="8"/>
        <line num="11" count="1" type="stmt"/>
        <line num="12" count="37" type="stmt"/>
        <line num="15" count="37" type="cond" truecount="3" falsecount="1"/>
        <line num="16" count="37" type="stmt"/>
        <line num="20" count="0" type="cond" truecount="0" falsecount="4"/>
        <line num="21" count="0" type="stmt"/>
        <line num="25" count="0" type="cond" truecount="0" falsecount="5"/>
        <line num="26" count="0" type="stmt"/>
        <line num="30" count="0" type="cond" truecount="0" falsecount="4"/>
        <line num="31" count="0" type="cond" truecount="0" falsecount="4"/>
        <line num="32" count="0" type="stmt"/>
        <line num="34" count="0" type="stmt"/>
        <line num="38" count="0" type="cond" truecount="0" falsecount="4"/>
        <line num="39" count="0" type="stmt"/>
        <line num="43" count="0" type="cond" truecount="0" falsecount="4"/>
        <line num="44" count="0" type="stmt"/>
        <line num="48" count="0" type="cond" truecount="0" falsecount="2"/>
        <line num="49" count="0" type="stmt"/>
        <line num="53" count="0" type="stmt"/>
        <line num="56" count="1" type="stmt"/>
        <line num="57" count="37" type="stmt"/>
        <line num="64" count="1" type="stmt"/>
        <line num="65" count="13" type="stmt"/>
        <line num="66" count="13" type="stmt"/>
        <line num="68" count="13" type="stmt"/>
        <line num="69" count="37" type="stmt"/>
        <line num="70" count="37" type="stmt"/>
        <line num="71" count="37" type="stmt"/>
        <line num="72" count="37" type="stmt"/>
        <line num="73" count="37" type="stmt"/>
        <line num="75" count="37" type="cond" truecount="1" falsecount="1"/>
        <line num="76" count="0" type="cond" truecount="0" falsecount="2"/>
        <line num="77" count="37" type="cond" truecount="1" falsecount="1"/>
        <line num="78" count="0" type="cond" truecount="0" falsecount="2"/>
        <line num="80" count="37" type="stmt"/>
        <line num="84" count="37" type="stmt"/>
        <line num="92" count="13" type="stmt"/>
        <line num="95" count="13" type="stmt"/>
        <line num="97" count="13" type="stmt"/>
        <line num="106" count="37" type="stmt"/>
        <line num="144" count="1" type="stmt"/>
      </file>
      <file name="HourlyChart.tsx" path="/home/runner/work/climbing-weather-ts/climbing-weather-ts/src/components/HourlyChart.tsx">
        <metrics statements="46" coveredstatements="35" conditionals="26" coveredconditionals="13" methods="10" coveredmethods="7"/>
        <line num="1" count="1" type="stmt"/>
        <line num="2" count="1" type="stmt"/>
        <line num="13" count="1" type="stmt"/>
        <line num="14" count="5" type="stmt"/>
        <line num="17" count="5" type="stmt"/>
        <line num="18" count="5" type="stmt"/>
        <line num="19" count="5" type="stmt"/>
        <line num="21" count="5" type="stmt"/>
        <line num="22" count="40" type="stmt"/>
        <line num="23" count="40" type="stmt"/>
        <line num="26" count="40" type="cond" truecount="2" falsecount="0"/>
        <line num="27" count="5" type="stmt"/>
        <line num="28" count="35" type="cond" truecount="2" falsecount="0"/>
        <line num="29" count="15" type="stmt"/>
        <line num="31" count="20" type="stmt"/>
        <line num="32" count="20" type="stmt"/>
        <line num="33" count="20" type="cond" truecount="2" falsecount="0"/>
        <line num="34" count="5" type="cond" truecount="1" falsecount="1"/>
        <line num="36" count="15" type="cond" truecount="1" falsecount="1"/>
        <line num="40" count="40" type="stmt"/>
        <line num="52" count="5" type="stmt"/>
        <line num="56" count="5" type="stmt"/>
        <line num="57" count="6" type="stmt"/>
        <line num="58" count="288" type="stmt"/>
        <line num="59" count="288" type="stmt"/>
        <line num="76" count="5" type="stmt"/>
        <line num="77" count="0" type="cond" truecount="0" falsecount="2"/>
        <line num="78" count="0" type="stmt"/>
        <line num="80" count="0" type="cond" truecount="0" falsecount="2"/>
        <line num="81" count="0" type="stmt"/>
        <line num="83" count="0" type="cond" truecount="0" falsecount="2"/>
        <line num="84" count="0" type="stmt"/>
        <line num="86" count="0" type="stmt"/>
        <line num="89" count="5" type="stmt"/>
        <line num="90" count="0" type="cond" truecount="0" falsecount="4"/>
        <line num="91" count="0" type="stmt"/>
        <line num="93" count="0" type="stmt"/>
        <line num="96" count="5" type="stmt"/>
        <line num="98" count="5" type="stmt"/>
        <line num="99" count="6" type="stmt"/>
        <line num="101" count="6" type="stmt"/>
        <line num="209" count="5" type="stmt"/>
        <line num="219" count="0" type="stmt"/>
        <line num="231" count="40" type="stmt"/>
        <line num="239" count="6" type="stmt"/>
        <line num="248" count="1" type="stmt"/>
      </file>
      <file name="MultiSelect.tsx" path="/home/runner/work/climbing-weather-ts/climbing-weather-ts/src/components/MultiSelect.tsx">
        <metrics statements="46" coveredstatements="42" conditionals="41" coveredconditionals="33" methods="19" coveredmethods="17"/>
        <line num="1" count="2" type="stmt"/>
        <line num="11" count="2" type="stmt"/>
        <line num="17" count="119" type="stmt"/>
        <line num="18" count="119" type="stmt"/>
        <line num="19" count="119" type="stmt"/>
        <line num="22" count="119" type="stmt"/>
        <line num="23" count="40" type="stmt"/>
        <line num="24" count="5" type="cond" truecount="4" falsecount="0"/>
        <line num="25" count="1" type="stmt"/>
        <line num="29" count="40" type="stmt"/>
        <line num="30" count="40" type="stmt"/>
        <line num="31" count="40" type="stmt"/>
        <line num="35" count="119" type="stmt"/>
        <line num="36" count="677" type="stmt"/>
        <line num="39" count="119" type="stmt"/>
        <line num="40" count="5" type="stmt"/>
        <line num="43" count="5" type="cond" truecount="2" falsecount="0"/>
        <line num="44" count="1" type="stmt"/>
        <line num="46" count="4" type="cond" truecount="1" falsecount="1"/>
        <line num="47" count="0" type="stmt"/>
        <line num="49" count="4" type="stmt"/>
        <line num="52" count="5" type="stmt"/>
        <line num="55" count="119" type="stmt"/>
        <line num="56" count="3" type="stmt"/>
        <line num="57" count="2" type="stmt"/>
        <line num="60" count="119" type="stmt"/>
        <line num="61" count="119" type="cond" truecount="2" falsecount="0"/>
        <line num="62" count="54" type="stmt"/>
        <line num="64" count="65" type="cond" truecount="2" falsecount="0"/>
        <line num="65" count="6" type="cond" truecount="2" falsecount="0"/>
        <line num="67" count="59" type="stmt"/>
        <line num="70" count="119" type="stmt"/>
        <line num="74" count="23" type="stmt"/>
        <line num="104" count="133" type="stmt"/>
        <line num="120" count="2" type="stmt"/>
        <line num="121" count="2" type="stmt"/>
        <line num="163" count="23" type="stmt"/>
        <line num="171" count="4" type="stmt"/>
        <line num="178" count="198" type="stmt"/>
        <line num="179" count="198" type="cond" truecount="2" falsecount="0"/>
        <line num="181" count="198" type="stmt"/>
        <line num="184" count="6" type="cond" truecount="2" falsecount="0"/>
        <line num="196" count="0" type="cond" truecount="0" falsecount="2"/>
        <line num="197" count="0" type="cond" truecount="0" falsecount="2"/>
        <line num="201" count="0" type="cond" truecount="0" falsecount="2"/>
        <line num="238" count="2" type="stmt"/>
      </file>
    </package>
    <package name="src.utils">
      <metrics statements="36" coveredstatements="36" conditionals="20" coveredconditionals="20" methods="16" coveredmethods="16"/>
      <file name="testUtils.ts" path="/home/runner/work/climbing-weather-ts/climbing-weather-ts/src/utils/testUtils.ts">
        <metrics statements="36" coveredstatements="36" conditionals="20" coveredconditionals="20" methods="16" coveredmethods="16"/>
        <line num="2" count="2" type="cond" truecount="1" falsecount="0"/>
        <line num="10" count="28" type="cond" truecount="1" falsecount="0"/>
        <line num="34" count="57" type="cond" truecount="1" falsecount="0"/>
        <line num="53" count="1" type="stmt"/>
        <line num="59" count="1" type="cond" truecount="1" falsecount="0"/>
        <line num="69" count="1" type="stmt"/>
        <line num="70" count="165" type="stmt"/>
        <line num="71" count="165" type="stmt"/>
        <line num="72" count="165" type="stmt"/>
        <line num="75" count="1" type="stmt"/>
        <line num="76" count="2" type="stmt"/>
        <line num="77" count="2" type="stmt"/>
        <line num="78" count="2" type="stmt"/>
        <line num="82" count="1" type="stmt"/>
        <line num="83" count="43" type="cond" truecount="2" falsecount="0"/>
        <line num="86" count="1" type="stmt"/>
        <line num="87" count="6" type="cond" truecount="2" falsecount="0"/>
        <line num="88" count="5" type="cond" truecount="2" falsecount="0"/>
        <line num="91" count="1" type="stmt"/>
        <line num="92" count="6" type="cond" truecount="2" falsecount="0"/>
        <line num="93" count="5" type="cond" truecount="2" falsecount="0"/>
        <line num="96" count="1" type="stmt"/>
        <line num="97" count="12" type="stmt"/>
        <line num="98" count="12" type="stmt"/>
        <line num="101" count="1" type="stmt"/>
        <line num="102" count="21" type="stmt"/>
        <line num="103" count="21" type="stmt"/>
        <line num="107" count="1" type="cond" truecount="1" falsecount="0"/>
        <line num="108" count="5" type="stmt"/>
        <line num="109" count="25" type="stmt"/>
        <line num="110" count="25" type="stmt"/>
        <line num="112" count="25" type="stmt"/>
        <line num="123" count="1" type="cond" truecount="1" falsecount="0"/>
        <line num="124" count="4" type="stmt"/>
        <line num="125" count="56" type="stmt"/>
        <line num="127" count="56" type="stmt"/>
      </file>
    </package>
    <package name="src.weatherData">
      <metrics statements="38" coveredstatements="38" conditionals="19" coveredconditionals="19" methods="6" coveredmethods="6"/>
      <file name="mockData.ts" path="/home/runner/work/climbing-weather-ts/climbing-weather-ts/src/weatherData/mockData.ts">
        <metrics statements="16" coveredstatements="16" conditionals="10" coveredconditionals="10" methods="2" coveredmethods="2"/>
        <line num="2" count="2" type="stmt"/>
        <line num="5" count="96" type="stmt"/>
        <line num="6" count="96" type="stmt"/>
        <line num="7" count="96" type="stmt"/>
        <line num="8" count="96" type="stmt"/>
        <line num="11" count="96" type="stmt"/>
        <line num="12" count="96" type="stmt"/>
        <line num="13" count="96" type="stmt"/>
        <line num="14" count="96" type="stmt"/>
        <line num="16" count="96" type="stmt"/>
        <line num="37" count="2" type="stmt"/>
        <line num="40" count="28" type="stmt"/>
        <line num="41" count="28" type="stmt"/>
        <line num="43" count="28" type="stmt"/>
        <line num="44" count="28" type="stmt"/>
        <line num="46" count="28" type="stmt"/>
      </file>
      <file name="weatherApi.ts" path="/home/runner/work/climbing-weather-ts/climbing-weather-ts/src/weatherData/weatherApi.ts">
        <metrics statements="22" coveredstatements="22" conditionals="9" coveredconditionals="9" methods="4" coveredmethods="4"/>
        <line num="77" count="2" type="stmt"/>
        <line num="79" count="2" type="stmt"/>
        <line num="83" count="6" type="stmt"/>
        <line num="84" count="6" type="stmt"/>
        <line num="85" count="5" type="cond" truecount="2" falsecount="0"/>
        <line num="86" count="2" type="stmt"/>
        <line num="88" count="3" type="stmt"/>
        <line num="91" count="2" type="stmt"/>
        <line num="92" count="3" type="stmt"/>
        <line num="93" count="3" type="cond" truecount="2" falsecount="0"/>
        <line num="94" count="1" type="stmt"/>
        <line num="96" count="2" type="stmt"/>
        <line num="99" count="2" type="stmt"/>
        <line num="100" count="3" type="stmt"/>
        <line num="101" count="3" type="cond" truecount="2" falsecount="0"/>
        <line num="102" count="1" type="stmt"/>
        <line num="104" count="2" type="stmt"/>
        <line num="107" count="2" type="cond" truecount="1" falsecount="0"/>
        <line num="108" count="3" type="stmt"/>
        <line num="110" count="2" type="cond" truecount="2" falsecount="0"/>
        <line num="111" count="1" type="stmt"/>
        <line num="113" count="1" type="stmt"/>
      </file>
    </package>
  </project>
</coverage>
