<?xml version="1.0" encoding="UTF-8"?>
<coverage generated="1755098849506" clover="3.2.0">
  <project timestamp="1755098849506" name="All files">
    <metrics statements="277" coveredstatements="239" conditionals="175" coveredconditionals="114" methods="76" coveredmethods="70" elements="528" coveredelements="423" complexity="0" loc="277" ncloc="277" packages="5" files="8" classes="8"/>
    <package name="src">
      <metrics statements="30" coveredstatements="28" conditionals="12" coveredconditionals="11" methods="12" coveredmethods="11"/>
      <file name="App.tsx" path="/home/runner/work/climbing-weather-ts/climbing-weather-ts/src/App.tsx">
        <metrics statements="30" coveredstatements="28" conditionals="12" coveredconditionals="11" methods="12" coveredmethods="11"/>
        <line num="1" count="1" type="stmt"/>
        <line num="2" count="1" type="stmt"/>
        <line num="4" count="1" type="stmt"/>
        <line num="5" count="1" type="stmt"/>
        <line num="8" count="2" type="stmt"/>
        <line num="9" count="2" type="stmt"/>
        <line num="12" count="43" type="stmt"/>
        <line num="13" count="42" type="stmt"/>
        <line num="15" count="42" type="stmt"/>
        <line num="16" count="42" type="stmt"/>
        <line num="18" count="42" type="stmt"/>
        <line num="19" count="16" type="stmt"/>
        <line num="22" count="42" type="stmt"/>
        <line num="23" count="3" type="stmt"/>
        <line num="26" count="42" type="stmt"/>
        <line num="27" count="40" type="cond" truecount="2" falsecount="0"/>
        <line num="28" count="17" type="stmt"/>
        <line num="31" count="23" type="cond" truecount="1" falsecount="1"/>
        <line num="32" count="0" type="stmt"/>
        <line num="35" count="23" type="cond" truecount="2" falsecount="0"/>
        <line num="36" count="11" type="stmt"/>
        <line num="39" count="12" type="cond" truecount="2" falsecount="0"/>
        <line num="40" count="4" type="stmt"/>
        <line num="42" count="9" type="stmt"/>
        <line num="49" count="8" type="stmt"/>
        <line num="51" count="17" type="stmt"/>
        <line num="60" count="42" type="stmt"/>
        <line num="85" count="0" type="stmt"/>
        <line num="91" count="3" type="stmt"/>
        <line num="108" count="1" type="stmt"/>
      </file>
    </package>
    <package name="src.components">
      <metrics statements="143" coveredstatements="110" conditionals="116" coveredconditionals="60" methods="38" coveredmethods="33"/>
      <file name="ForecastTable.tsx" path="/home/runner/work/climbing-weather-ts/climbing-weather-ts/src/components/ForecastTable.tsx">
        <metrics statements="43" coveredstatements="26" conditionals="49" coveredconditionals="14" methods="8" coveredmethods="8"/>
        <line num="2" count="1" type="stmt"/>
        <line num="12" count="1" type="stmt"/>
        <line num="13" count="37" type="stmt"/>
        <line num="16" count="37" type="cond" truecount="3" falsecount="1"/>
        <line num="17" count="37" type="stmt"/>
        <line num="21" count="0" type="cond" truecount="0" falsecount="4"/>
        <line num="22" count="0" type="stmt"/>
        <line num="26" count="0" type="cond" truecount="0" falsecount="5"/>
        <line num="27" count="0" type="stmt"/>
        <line num="31" count="0" type="cond" truecount="0" falsecount="4"/>
        <line num="32" count="0" type="cond" truecount="0" falsecount="4"/>
        <line num="33" count="0" type="stmt"/>
        <line num="35" count="0" type="stmt"/>
        <line num="39" count="0" type="cond" truecount="0" falsecount="4"/>
        <line num="40" count="0" type="stmt"/>
        <line num="44" count="0" type="cond" truecount="0" falsecount="4"/>
        <line num="45" count="0" type="stmt"/>
        <line num="49" count="0" type="cond" truecount="0" falsecount="2"/>
        <line num="50" count="0" type="stmt"/>
        <line num="54" count="0" type="stmt"/>
        <line num="57" count="1" type="stmt"/>
        <line num="58" count="37" type="stmt"/>
        <line num="65" count="1" type="stmt"/>
        <line num="66" count="13" type="stmt"/>
        <line num="67" count="13" type="stmt"/>
        <line num="69" count="13" type="stmt"/>
        <line num="70" count="37" type="stmt"/>
        <line num="71" count="37" type="stmt"/>
        <line num="72" count="37" type="stmt"/>
        <line num="73" count="37" type="stmt"/>
        <line num="74" count="37" type="stmt"/>
        <line num="76" count="37" type="cond" truecount="1" falsecount="1"/>
        <line num="77" count="0" type="cond" truecount="0" falsecount="2"/>
        <line num="78" count="37" type="cond" truecount="1" falsecount="1"/>
        <line num="79" count="0" type="cond" truecount="0" falsecount="2"/>
        <line num="81" count="37" type="stmt"/>
        <line num="85" count="37" type="stmt"/>
        <line num="93" count="13" type="stmt"/>
        <line num="96" count="13" type="stmt"/>
        <line num="98" count="13" type="stmt"/>
        <line num="107" count="37" type="stmt"/>
        <line num="145" count="1" type="stmt"/>
        <line num="147" count="1" type="stmt"/>
      </file>
      <file name="HourlyChart.tsx" path="/home/runner/work/climbing-weather-ts/climbing-weather-ts/src/components/HourlyChart.tsx">
        <metrics statements="50" coveredstatements="38" conditionals="26" coveredconditionals="13" methods="10" coveredmethods="7"/>
        <line num="1" count="1" type="stmt"/>
        <line num="2" count="1" type="stmt"/>
        <line num="4" count="1" type="stmt"/>
        <line num="14" count="1" type="stmt"/>
        <line num="15" count="5" type="stmt"/>
        <line num="18" count="5" type="stmt"/>
        <line num="19" count="5" type="stmt"/>
        <line num="20" count="5" type="stmt"/>
        <line num="22" count="5" type="stmt"/>
        <line num="23" count="40" type="stmt"/>
        <line num="24" count="40" type="stmt"/>
        <line num="27" count="40" type="cond" truecount="2" falsecount="0"/>
        <line num="28" count="5" type="stmt"/>
        <line num="29" count="35" type="cond" truecount="2" falsecount="0"/>
        <line num="30" count="15" type="stmt"/>
        <line num="32" count="20" type="stmt"/>
        <line num="33" count="20" type="stmt"/>
        <line num="34" count="20" type="cond" truecount="2" falsecount="0"/>
        <line num="35" count="5" type="cond" truecount="1" falsecount="1"/>
        <line num="37" count="15" type="cond" truecount="1" falsecount="1"/>
        <line num="41" count="40" type="stmt"/>
        <line num="53" count="5" type="stmt"/>
        <line num="57" count="5" type="stmt"/>
        <line num="58" count="6" type="stmt"/>
        <line num="59" count="288" type="stmt"/>
        <line num="60" count="288" type="stmt"/>
        <line num="77" count="5" type="stmt"/>
        <line num="78" count="0" type="stmt"/>
        <line num="79" count="0" type="cond" truecount="0" falsecount="2"/>
        <line num="80" count="0" type="stmt"/>
        <line num="82" count="0" type="cond" truecount="0" falsecount="2"/>
        <line num="83" count="0" type="stmt"/>
        <line num="85" count="0" type="cond" truecount="0" falsecount="2"/>
        <line num="86" count="0" type="stmt"/>
        <line num="88" count="0" type="stmt"/>
        <line num="91" count="5" type="stmt"/>
        <line num="92" count="0" type="cond" truecount="0" falsecount="4"/>
        <line num="93" count="0" type="stmt"/>
        <line num="95" count="0" type="stmt"/>
        <line num="98" count="5" type="stmt"/>
        <line num="100" count="5" type="stmt"/>
        <line num="101" count="0" type="stmt"/>
        <line num="104" count="5" type="stmt"/>
        <line num="105" count="6" type="stmt"/>
        <line num="107" count="6" type="stmt"/>
        <line num="215" count="5" type="stmt"/>
        <line num="237" count="40" type="stmt"/>
        <line num="245" count="6" type="stmt"/>
        <line num="254" count="1" type="stmt"/>
        <line num="256" count="1" type="stmt"/>
      </file>
      <file name="MultiSelect.tsx" path="/home/runner/work/climbing-weather-ts/climbing-weather-ts/src/components/MultiSelect.tsx">
        <metrics statements="50" coveredstatements="46" conditionals="41" coveredconditionals="33" methods="20" coveredmethods="18"/>
        <line num="1" count="2" type="stmt"/>
        <line num="11" count="2" type="stmt"/>
        <line num="17" count="89" type="stmt"/>
        <line num="18" count="89" type="stmt"/>
        <line num="19" count="89" type="stmt"/>
        <line num="22" count="89" type="stmt"/>
        <line num="23" count="40" type="stmt"/>
        <line num="24" count="5" type="cond" truecount="4" falsecount="0"/>
        <line num="25" count="1" type="stmt"/>
        <line num="29" count="40" type="stmt"/>
        <line num="30" count="40" type="stmt"/>
        <line num="31" count="40" type="stmt"/>
        <line num="35" count="89" type="stmt"/>
        <line num="36" count="63" type="stmt"/>
        <line num="37" count="332" type="stmt"/>
        <line num="41" count="89" type="stmt"/>
        <line num="42" count="5" type="stmt"/>
        <line num="45" count="5" type="cond" truecount="2" falsecount="0"/>
        <line num="46" count="1" type="stmt"/>
        <line num="48" count="4" type="cond" truecount="1" falsecount="1"/>
        <line num="49" count="0" type="stmt"/>
        <line num="51" count="4" type="stmt"/>
        <line num="54" count="5" type="stmt"/>
        <line num="57" count="89" type="stmt"/>
        <line num="58" count="3" type="stmt"/>
        <line num="59" count="2" type="stmt"/>
        <line num="62" count="89" type="stmt"/>
        <line num="63" count="89" type="cond" truecount="2" falsecount="0"/>
        <line num="64" count="54" type="stmt"/>
        <line num="66" count="35" type="cond" truecount="2" falsecount="0"/>
        <line num="67" count="6" type="cond" truecount="2" falsecount="0"/>
        <line num="69" count="29" type="stmt"/>
        <line num="72" count="89" type="stmt"/>
        <line num="73" count="23" type="stmt"/>
        <line num="76" count="89" type="stmt"/>
        <line num="77" count="23" type="stmt"/>
        <line num="80" count="89" type="stmt"/>
        <line num="114" count="66" type="stmt"/>
        <line num="130" count="2" type="stmt"/>
        <line num="131" count="2" type="stmt"/>
        <line num="181" count="4" type="stmt"/>
        <line num="188" count="149" type="stmt"/>
        <line num="189" count="149" type="cond" truecount="2" falsecount="0"/>
        <line num="191" count="149" type="stmt"/>
        <line num="194" count="6" type="cond" truecount="2" falsecount="0"/>
        <line num="206" count="0" type="cond" truecount="0" falsecount="2"/>
        <line num="207" count="0" type="cond" truecount="0" falsecount="2"/>
        <line num="211" count="0" type="cond" truecount="0" falsecount="2"/>
        <line num="248" count="2" type="stmt"/>
        <line num="250" count="2" type="stmt"/>
      </file>
    </package>
    <package name="src.hooks">
      <metrics statements="30" coveredstatements="27" conditionals="8" coveredconditionals="4" methods="4" coveredmethods="4"/>
      <file name="useWeatherData.ts" path="/home/runner/work/climbing-weather-ts/climbing-weather-ts/src/hooks/useWeatherData.ts">
        <metrics statements="30" coveredstatements="27" conditionals="8" coveredconditionals="4" methods="4" coveredmethods="4"/>
        <line num="1" count="2" type="stmt"/>
        <line num="2" count="2" type="stmt"/>
        <line num="3" count="2" type="stmt"/>
        <line num="20" count="2" type="stmt"/>
        <line num="21" count="51" type="stmt"/>
        <line num="22" count="51" type="stmt"/>
        <line num="23" count="51" type="stmt"/>
        <line num="25" count="51" type="stmt"/>
        <line num="30" count="20" type="cond" truecount="2" falsecount="0"/>
        <line num="32" count="19" type="stmt"/>
        <line num="33" count="19" type="stmt"/>
        <line num="35" count="19" type="stmt"/>
        <line num="36" count="19" type="stmt"/>
        <line num="39" count="19" type="stmt"/>
        <line num="40" count="38" type="stmt"/>
        <line num="41" count="38" type="cond" truecount="1" falsecount="1"/>
        <line num="42" count="38" type="stmt"/>
        <line num="43" count="38" type="stmt"/>
        <line num="44" count="36" type="stmt"/>
        <line num="51" count="2" type="cond" truecount="1" falsecount="1"/>
        <line num="52" count="2" type="stmt"/>
        <line num="59" count="0" type="stmt"/>
        <line num="62" count="19" type="stmt"/>
        <line num="63" count="38" type="stmt"/>
        <line num="65" count="19" type="stmt"/>
        <line num="66" count="19" type="stmt"/>
        <line num="68" count="0" type="cond" truecount="0" falsecount="2"/>
        <line num="69" count="0" type="stmt"/>
        <line num="71" count="19" type="stmt"/>
        <line num="75" count="51" type="stmt"/>
      </file>
    </package>
    <package name="src.utils">
      <metrics statements="36" coveredstatements="36" conditionals="20" coveredconditionals="20" methods="16" coveredmethods="16"/>
      <file name="testUtils.ts" path="/home/runner/work/climbing-weather-ts/climbing-weather-ts/src/utils/testUtils.ts">
        <metrics statements="36" coveredstatements="36" conditionals="20" coveredconditionals="20" methods="16" coveredmethods="16"/>
        <line num="2" count="2" type="cond" truecount="1" falsecount="0"/>
        <line num="10" count="28" type="cond" truecount="1" falsecount="0"/>
        <line num="34" count="57" type="cond" truecount="1" falsecount="0"/>
        <line num="55" count="1" type="stmt"/>
        <line num="61" count="1" type="cond" truecount="1" falsecount="0"/>
        <line num="71" count="1" type="stmt"/>
        <line num="72" count="165" type="stmt"/>
        <line num="73" count="165" type="stmt"/>
        <line num="74" count="165" type="stmt"/>
        <line num="77" count="1" type="stmt"/>
        <line num="78" count="2" type="stmt"/>
        <line num="79" count="2" type="stmt"/>
        <line num="80" count="2" type="stmt"/>
        <line num="84" count="1" type="stmt"/>
        <line num="85" count="43" type="cond" truecount="2" falsecount="0"/>
        <line num="88" count="1" type="stmt"/>
        <line num="89" count="6" type="cond" truecount="2" falsecount="0"/>
        <line num="90" count="5" type="cond" truecount="2" falsecount="0"/>
        <line num="93" count="1" type="stmt"/>
        <line num="94" count="6" type="cond" truecount="2" falsecount="0"/>
        <line num="95" count="5" type="cond" truecount="2" falsecount="0"/>
        <line num="98" count="1" type="stmt"/>
        <line num="99" count="12" type="stmt"/>
        <line num="100" count="12" type="stmt"/>
        <line num="103" count="1" type="stmt"/>
        <line num="104" count="21" type="stmt"/>
        <line num="105" count="21" type="stmt"/>
        <line num="109" count="1" type="cond" truecount="1" falsecount="0"/>
        <line num="110" count="5" type="stmt"/>
        <line num="111" count="25" type="stmt"/>
        <line num="112" count="25" type="stmt"/>
        <line num="114" count="25" type="stmt"/>
        <line num="125" count="1" type="cond" truecount="1" falsecount="0"/>
        <line num="126" count="4" type="stmt"/>
        <line num="127" count="56" type="stmt"/>
        <line num="129" count="56" type="stmt"/>
      </file>
    </package>
    <package name="src.weatherData">
      <metrics statements="38" coveredstatements="38" conditionals="19" coveredconditionals="19" methods="6" coveredmethods="6"/>
      <file name="mockData.ts" path="/home/runner/work/climbing-weather-ts/climbing-weather-ts/src/weatherData/mockData.ts">
        <metrics statements="16" coveredstatements="16" conditionals="10" coveredconditionals="10" methods="2" coveredmethods="2"/>
        <line num="2" count="2" type="stmt"/>
        <line num="5" count="96" type="stmt"/>
        <line num="6" count="96" type="stmt"/>
        <line num="7" count="96" type="stmt"/>
        <line num="8" count="96" type="stmt"/>
        <line num="11" count="96" type="stmt"/>
        <line num="12" count="96" type="stmt"/>
        <line num="13" count="96" type="stmt"/>
        <line num="14" count="96" type="stmt"/>
        <line num="16" count="96" type="stmt"/>
        <line num="37" count="2" type="stmt"/>
        <line num="40" count="28" type="stmt"/>
        <line num="41" count="28" type="stmt"/>
        <line num="43" count="28" type="stmt"/>
        <line num="44" count="28" type="stmt"/>
        <line num="46" count="28" type="stmt"/>
      </file>
      <file name="weatherApi.ts" path="/home/runner/work/climbing-weather-ts/climbing-weather-ts/src/weatherData/weatherApi.ts">
        <metrics statements="22" coveredstatements="22" conditionals="9" coveredconditionals="9" methods="4" coveredmethods="4"/>
        <line num="77" count="2" type="stmt"/>
        <line num="79" count="2" type="stmt"/>
        <line num="83" count="6" type="stmt"/>
        <line num="84" count="6" type="stmt"/>
        <line num="85" count="5" type="cond" truecount="2" falsecount="0"/>
        <line num="86" count="2" type="stmt"/>
        <line num="88" count="3" type="stmt"/>
        <line num="91" count="2" type="stmt"/>
        <line num="92" count="3" type="stmt"/>
        <line num="93" count="3" type="cond" truecount="2" falsecount="0"/>
        <line num="94" count="1" type="stmt"/>
        <line num="96" count="2" type="stmt"/>
        <line num="99" count="2" type="stmt"/>
        <line num="100" count="3" type="stmt"/>
        <line num="101" count="3" type="cond" truecount="2" falsecount="0"/>
        <line num="102" count="1" type="stmt"/>
        <line num="104" count="2" type="stmt"/>
        <line num="107" count="2" type="cond" truecount="1" falsecount="0"/>
        <line num="108" count="3" type="stmt"/>
        <line num="110" count="2" type="cond" truecount="2" falsecount="0"/>
        <line num="111" count="1" type="stmt"/>
        <line num="113" count="1" type="stmt"/>
      </file>
    </package>
  </project>
</coverage>
