{"/Users/mitch/Documents/MiscProjects/climbing-weather-ts/src/App.tsx": {"path":"/Users/mitch/Documents/MiscProjects/climbing-weather-ts/src/App.tsx","statementMap":{"0":{"start":{"line":1,"column":0},"end":{"line":1,"column":44}},"1":{"start":{"line":2,"column":0},"end":{"line":2,"column":67}},"2":{"start":{"line":3,"column":0},"end":{"line":3,"column":121}},"3":{"start":{"line":4,"column":0},"end":{"line":4,"column":72}},"4":{"start":{"line":5,"column":0},"end":{"line":5,"column":51}},"5":{"start":{"line":6,"column":0},"end":{"line":6,"column":55}},"6":{"start":{"line":11,"column":42},"end":{"line":11,"column":70}},"7":{"start":{"line":12,"column":42},"end":{"line":12,"column":74}},"8":{"start":{"line":13,"column":40},"end":{"line":13,"column":104}},"9":{"start":{"line":14,"column":32},"end":{"line":14,"column":47}},"10":{"start":{"line":15,"column":28},"end":{"line":15,"column":57}},"11":{"start":{"line":17,"column":16},"end":{"line":17,"column":53}},"12":{"start":{"line":19,"column":27},"end":{"line":38,"column":3}},"13":{"start":{"line":20,"column":4},"end":{"line":20,"column":30}},"14":{"start":{"line":20,"column":23},"end":{"line":20,"column":30}},"15":{"start":{"line":22,"column":4},"end":{"line":22,"column":21}},"16":{"start":{"line":23,"column":4},"end":{"line":23,"column":19}},"17":{"start":{"line":25,"column":4},"end":{"line":37,"column":5}},"18":{"start":{"line":26,"column":19},"end":{"line":26,"column":38}},"19":{"start":{"line":27,"column":19},"end":{"line":27,"column":62}},"20":{"start":{"line":28,"column":6},"end":{"line":28,"column":27}},"21":{"start":{"line":30,"column":6},"end":{"line":30,"column":72}},"22":{"start":{"line":32,"column":23},"end":{"line":32,"column":82}},"23":{"start":{"line":33,"column":6},"end":{"line":33,"column":38}},"24":{"start":{"line":34,"column":6},"end":{"line":34,"column":21}},"25":{"start":{"line":36,"column":6},"end":{"line":36,"column":24}},"26":{"start":{"line":40,"column":2},"end":{"line":42,"column":35}},"27":{"start":{"line":41,"column":4},"end":{"line":41,"column":23}},"28":{"start":{"line":44,"column":30},"end":{"line":62,"column":3}},"29":{"start":{"line":45,"column":4},"end":{"line":47,"column":5}},"30":{"start":{"line":46,"column":6},"end":{"line":46,"column":68}},"31":{"start":{"line":49,"column":4},"end":{"line":51,"column":5}},"32":{"start":{"line":50,"column":6},"end":{"line":50,"column":57}},"33":{"start":{"line":53,"column":4},"end":{"line":55,"column":5}},"34":{"start":{"line":54,"column":6},"end":{"line":54,"column":62}},"35":{"start":{"line":57,"column":4},"end":{"line":61,"column":5}},"36":{"start":{"line":58,"column":6},"end":{"line":58,"column":74}},"37":{"start":{"line":60,"column":6},"end":{"line":60,"column":70}},"38":{"start":{"line":64,"column":2},"end":{"line":113,"column":4}},"39":{"start":{"line":78,"column":29},"end":{"line":78,"column":60}},"40":{"start":{"line":81,"column":14},"end":{"line":81,"column":32}},"41":{"start":{"line":93,"column":29},"end":{"line":93,"column":54}},"42":{"start":{"line":99,"column":29},"end":{"line":99,"column":54}},"43":{"start":{"line":116,"column":0},"end":{"line":116,"column":19}}},"fnMap":{"0":{"name":"App","decl":{"start":{"line":10,"column":9},"end":{"line":10,"column":12}},"loc":{"start":{"line":10,"column":12},"end":{"line":114,"column":1}}},"1":{"name":"(anonymous_2)","decl":{"start":{"line":19,"column":27},"end":{"line":19,"column":32}},"loc":{"start":{"line":19,"column":38},"end":{"line":38,"column":3}}},"2":{"name":"(anonymous_3)","decl":{"start":{"line":40,"column":12},"end":{"line":40,"column":15}},"loc":{"start":{"line":40,"column":17},"end":{"line":42,"column":3}}},"3":{"name":"(anonymous_4)","decl":{"start":{"line":44,"column":30},"end":{"line":44,"column":33}},"loc":{"start":{"line":44,"column":35},"end":{"line":62,"column":3}}},"4":{"name":"(anonymous_5)","decl":{"start":{"line":78,"column":22},"end":{"line":78,"column":23}},"loc":{"start":{"line":78,"column":29},"end":{"line":78,"column":60}}},"5":{"name":"(anonymous_6)","decl":{"start":{"line":80,"column":39},"end":{"line":80,"column":40}},"loc":{"start":{"line":81,"column":14},"end":{"line":81,"column":32}}},"6":{"name":"(anonymous_7)","decl":{"start":{"line":93,"column":23},"end":{"line":93,"column":26}},"loc":{"start":{"line":93,"column":29},"end":{"line":93,"column":54}}},"7":{"name":"(anonymous_8)","decl":{"start":{"line":99,"column":23},"end":{"line":99,"column":26}},"loc":{"start":{"line":99,"column":29},"end":{"line":99,"column":54}}}},"branchMap":{"0":{"loc":{"start":{"line":20,"column":4},"end":{"line":20,"column":30}},"type":"if","locations":[{"start":{"line":20,"column":4},"end":{"line":20,"column":30}},{"start":{},"end":{}}]},"1":{"loc":{"start":{"line":32,"column":23},"end":{"line":32,"column":82}},"type":"cond-expr","locations":[{"start":{"line":32,"column":51},"end":{"line":32,"column":65}},{"start":{"line":32,"column":68},"end":{"line":32,"column":82}}]},"2":{"loc":{"start":{"line":45,"column":4},"end":{"line":47,"column":5}},"type":"if","locations":[{"start":{"line":45,"column":4},"end":{"line":47,"column":5}},{"start":{},"end":{}}]},"3":{"loc":{"start":{"line":49,"column":4},"end":{"line":51,"column":5}},"type":"if","locations":[{"start":{"line":49,"column":4},"end":{"line":51,"column":5}},{"start":{},"end":{}}]},"4":{"loc":{"start":{"line":53,"column":4},"end":{"line":55,"column":5}},"type":"if","locations":[{"start":{"line":53,"column":4},"end":{"line":55,"column":5}},{"start":{},"end":{}}]},"5":{"loc":{"start":{"line":57,"column":4},"end":{"line":61,"column":5}},"type":"if","locations":[{"start":{"line":57,"column":4},"end":{"line":61,"column":5}},{"start":{"line":59,"column":11},"end":{"line":61,"column":5}}]},"6":{"loc":{"start":{"line":92,"column":42},"end":{"line":92,"column":83}},"type":"cond-expr","locations":[{"start":{"line":92,"column":70},"end":{"line":92,"column":78}},{"start":{"line":92,"column":81},"end":{"line":92,"column":83}}]},"7":{"loc":{"start":{"line":98,"column":42},"end":{"line":98,"column":83}},"type":"cond-expr","locations":[{"start":{"line":98,"column":70},"end":{"line":98,"column":78}},{"start":{"line":98,"column":81},"end":{"line":98,"column":83}}]}},"s":{"0":1,"1":1,"2":1,"3":1,"4":1,"5":1,"6":48,"7":47,"8":47,"9":47,"10":47,"11":47,"12":47,"13":17,"14":0,"15":17,"16":17,"17":17,"18":17,"19":17,"20":16,"21":1,"22":1,"23":1,"24":1,"25":17,"26":47,"27":17,"28":47,"29":47,"30":17,"31":30,"32":0,"33":30,"34":13,"35":17,"36":6,"37":11,"38":47,"39":2,"40":329,"41":0,"42":3,"43":1},"f":{"0":48,"1":17,"2":17,"3":47,"4":2,"5":329,"6":0,"7":3},"b":{"0":[0,17],"1":[0,1],"2":[17,30],"3":[0,30],"4":[13,17],"5":[6,11],"6":[38,9],"7":[9,38]}}
,"/Users/mitch/Documents/MiscProjects/climbing-weather-ts/src/components/ForecastTable.tsx": {"path":"/Users/mitch/Documents/MiscProjects/climbing-weather-ts/src/components/ForecastTable.tsx","statementMap":{"0":{"start":{"line":7,"column":52},"end":{"line":112,"column":1}},"1":{"start":{"line":8,"column":28},"end":{"line":14,"column":3}},"2":{"start":{"line":9,"column":4},"end":{"line":13,"column":6}},"3":{"start":{"line":16,"column":30},"end":{"line":29,"column":3}},"4":{"start":{"line":17,"column":4},"end":{"line":17,"column":58}},"5":{"start":{"line":17,"column":45},"end":{"line":17,"column":58}},"6":{"start":{"line":18,"column":4},"end":{"line":28,"column":6}},"7":{"start":{"line":31,"column":32},"end":{"line":56,"column":3}},"8":{"start":{"line":32,"column":20},"end":{"line":32,"column":56}},"9":{"start":{"line":34,"column":4},"end":{"line":55,"column":7}},"10":{"start":{"line":35,"column":25},"end":{"line":48,"column":7}},"11":{"start":{"line":36,"column":21},"end":{"line":36,"column":41}},"12":{"start":{"line":37,"column":22},"end":{"line":37,"column":32}},"13":{"start":{"line":38,"column":25},"end":{"line":38,"column":40}},"14":{"start":{"line":39,"column":8},"end":{"line":39,"column":46}},"15":{"start":{"line":41,"column":8},"end":{"line":47,"column":9}},"16":{"start":{"line":42,"column":10},"end":{"line":42,"column":56}},"17":{"start":{"line":43,"column":15},"end":{"line":47,"column":9}},"18":{"start":{"line":44,"column":10},"end":{"line":44,"column":66}},"19":{"start":{"line":46,"column":10},"end":{"line":46,"column":29}},"20":{"start":{"line":50,"column":6},"end":{"line":54,"column":8}},"21":{"start":{"line":58,"column":26},"end":{"line":58,"column":49}},"22":{"start":{"line":60,"column":2},"end":{"line":111,"column":4}},"23":{"start":{"line":78,"column":12},"end":{"line":78,"column":null}},"24":{"start":{"line":114,"column":0},"end":{"line":114,"column":29}}},"fnMap":{"0":{"name":"(anonymous_0)","decl":{"start":{"line":7,"column":52},"end":{"line":7,"column":53}},"loc":{"start":{"line":7,"column":65},"end":{"line":112,"column":1}}},"1":{"name":"(anonymous_1)","decl":{"start":{"line":8,"column":28},"end":{"line":8,"column":29}},"loc":{"start":{"line":8,"column":76},"end":{"line":14,"column":3}}},"2":{"name":"(anonymous_2)","decl":{"start":{"line":16,"column":30},"end":{"line":16,"column":31}},"loc":{"start":{"line":16,"column":54},"end":{"line":29,"column":3}}},"3":{"name":"(anonymous_3)","decl":{"start":{"line":31,"column":32},"end":{"line":31,"column":35}},"loc":{"start":{"line":31,"column":37},"end":{"line":56,"column":3}}},"4":{"name":"(anonymous_4)","decl":{"start":{"line":34,"column":23},"end":{"line":34,"column":24}},"loc":{"start":{"line":34,"column":34},"end":{"line":55,"column":5}}},"5":{"name":"(anonymous_5)","decl":{"start":{"line":35,"column":25},"end":{"line":35,"column":26}},"loc":{"start":{"line":35,"column":48},"end":{"line":48,"column":7}}},"6":{"name":"(anonymous_6)","decl":{"start":{"line":77,"column":31},"end":{"line":77,"column":32}},"loc":{"start":{"line":78,"column":12},"end":{"line":78,"column":null}}}},"branchMap":{"0":{"loc":{"start":{"line":10,"column":38},"end":{"line":10,"column":61}},"type":"cond-expr","locations":[{"start":{"line":10,"column":47},"end":{"line":10,"column":53}},{"start":{"line":10,"column":56},"end":{"line":10,"column":61}}]},"1":{"loc":{"start":{"line":17,"column":4},"end":{"line":17,"column":58}},"type":"if","locations":[{"start":{"line":17,"column":4},"end":{"line":17,"column":58}},{"start":{},"end":{}}]},"2":{"loc":{"start":{"line":17,"column":8},"end":{"line":17,"column":43}},"type":"binary-expr","locations":[{"start":{"line":17,"column":8},"end":{"line":17,"column":21}},{"start":{"line":17,"column":25},"end":{"line":17,"column":43}}]},"3":{"loc":{"start":{"line":41,"column":8},"end":{"line":47,"column":9}},"type":"if","locations":[{"start":{"line":41,"column":8},"end":{"line":47,"column":9}},{"start":{"line":43,"column":15},"end":{"line":47,"column":9}}]},"4":{"loc":{"start":{"line":42,"column":17},"end":{"line":42,"column":55}},"type":"cond-expr","locations":[{"start":{"line":42,"column":36},"end":{"line":42,"column":43}},{"start":{"line":42,"column":46},"end":{"line":42,"column":55}}]},"5":{"loc":{"start":{"line":43,"column":15},"end":{"line":47,"column":9}},"type":"if","locations":[{"start":{"line":43,"column":15},"end":{"line":47,"column":9}},{"start":{"line":45,"column":15},"end":{"line":47,"column":9}}]},"6":{"loc":{"start":{"line":44,"column":17},"end":{"line":44,"column":65}},"type":"cond-expr","locations":[{"start":{"line":44,"column":36},"end":{"line":44,"column":46}},{"start":{"line":44,"column":49},"end":{"line":44,"column":65}}]},"7":{"loc":{"start":{"line":53,"column":23},"end":{"line":53,"column":71}},"type":"binary-expr","locations":[{"start":{"line":53,"column":23},"end":{"line":53,"column":63}},{"start":{"line":53,"column":67},"end":{"line":53,"column":71}}]}},"s":{"0":1,"1":11,"2":33,"3":11,"4":33,"5":24,"6":9,"7":11,"8":11,"9":11,"10":33,"11":33,"12":33,"13":33,"14":33,"15":33,"16":33,"17":0,"18":0,"19":0,"20":33,"21":11,"22":11,"23":33,"24":1},"f":{"0":11,"1":33,"2":33,"3":11,"4":33,"5":33,"6":33},"b":{"0":[17,16],"1":[24,9],"2":[33,9],"3":[33,0],"4":[17,16],"5":[0,0],"6":[0,0],"7":[33,24]}}
,"/Users/mitch/Documents/MiscProjects/climbing-weather-ts/src/components/HourlyChart.tsx": {"path":"/Users/mitch/Documents/MiscProjects/climbing-weather-ts/src/components/HourlyChart.tsx","statementMap":{"0":{"start":{"line":1,"column":0},"end":{"line":1,"column":33}},"1":{"start":{"line":2,"column":0},"end":{"line":2,"column":102}},"2":{"start":{"line":9,"column":48},"end":{"line":228,"column":1}},"3":{"start":{"line":10,"column":48},"end":{"line":10,"column":67}},"4":{"start":{"line":13,"column":30},"end":{"line":49,"column":3}},"5":{"start":{"line":14,"column":20},"end":{"line":14,"column":22}},"6":{"start":{"line":15,"column":16},"end":{"line":15,"column":26}},"7":{"start":{"line":17,"column":4},"end":{"line":47,"column":5}},"8":{"start":{"line":17,"column":17},"end":{"line":17,"column":18}},"9":{"start":{"line":18,"column":25},"end":{"line":18,"column":38}},"10":{"start":{"line":19,"column":6},"end":{"line":19,"column":53}},"11":{"start":{"line":22,"column":6},"end":{"line":34,"column":7}},"12":{"start":{"line":23,"column":8},"end":{"line":23,"column":22}},"13":{"start":{"line":24,"column":13},"end":{"line":34,"column":7}},"14":{"start":{"line":25,"column":8},"end":{"line":25,"column":38}},"15":{"start":{"line":27,"column":21},"end":{"line":27,"column":39}},"16":{"start":{"line":28,"column":22},"end":{"line":28,"column":28}},"17":{"start":{"line":29,"column":8},"end":{"line":33,"column":9}},"18":{"start":{"line":30,"column":10},"end":{"line":30,"column":63}},"19":{"start":{"line":32,"column":10},"end":{"line":32,"column":79}},"20":{"start":{"line":36,"column":6},"end":{"line":46,"column":9}},"21":{"start":{"line":48,"column":4},"end":{"line":48,"column":19}},"22":{"start":{"line":52,"column":20},"end":{"line":68,"column":4}},"23":{"start":{"line":53,"column":17},"end":{"line":53,"column":43}},"24":{"start":{"line":54,"column":4},"end":{"line":67,"column":6}},"25":{"start":{"line":70,"column":24},"end":{"line":81,"column":3}},"26":{"start":{"line":71,"column":4},"end":{"line":73,"column":5}},"27":{"start":{"line":72,"column":6},"end":{"line":72,"column":74}},"28":{"start":{"line":74,"column":4},"end":{"line":76,"column":5}},"29":{"start":{"line":75,"column":6},"end":{"line":75,"column":39}},"30":{"start":{"line":77,"column":4},"end":{"line":79,"column":5}},"31":{"start":{"line":78,"column":6},"end":{"line":78,"column":44}},"32":{"start":{"line":80,"column":4},"end":{"line":80,"column":25}},"33":{"start":{"line":83,"column":22},"end":{"line":88,"column":3}},"34":{"start":{"line":84,"column":4},"end":{"line":86,"column":5}},"35":{"start":{"line":85,"column":6},"end":{"line":85,"column":41}},"36":{"start":{"line":87,"column":4},"end":{"line":87,"column":17}},"37":{"start":{"line":90,"column":27},"end":{"line":90,"column":48}},"38":{"start":{"line":92,"column":2},"end":{"line":227,"column":4}},"39":{"start":{"line":105,"column":29},"end":{"line":105,"column":71}},"40":{"start":{"line":117,"column":14},"end":{"line":117,"column":41}},"41":{"start":{"line":230,"column":0},"end":{"line":230,"column":27}}},"fnMap":{"0":{"name":"(anonymous_0)","decl":{"start":{"line":9,"column":48},"end":{"line":9,"column":49}},"loc":{"start":{"line":9,"column":61},"end":{"line":228,"column":1}}},"1":{"name":"(anonymous_1)","decl":{"start":{"line":13,"column":30},"end":{"line":13,"column":33}},"loc":{"start":{"line":13,"column":35},"end":{"line":49,"column":3}}},"2":{"name":"(anonymous_2)","decl":{"start":{"line":52,"column":93},"end":{"line":52,"column":94}},"loc":{"start":{"line":52,"column":104},"end":{"line":68,"column":3}}},"3":{"name":"(anonymous_3)","decl":{"start":{"line":70,"column":24},"end":{"line":70,"column":25}},"loc":{"start":{"line":70,"column":65},"end":{"line":81,"column":3}}},"4":{"name":"(anonymous_4)","decl":{"start":{"line":83,"column":22},"end":{"line":83,"column":23}},"loc":{"start":{"line":83,"column":56},"end":{"line":88,"column":3}}},"5":{"name":"(anonymous_5)","decl":{"start":{"line":105,"column":22},"end":{"line":105,"column":23}},"loc":{"start":{"line":105,"column":29},"end":{"line":105,"column":71}}},"6":{"name":"(anonymous_6)","decl":{"start":{"line":116,"column":34},"end":{"line":116,"column":35}},"loc":{"start":{"line":117,"column":14},"end":{"line":117,"column":41}}}},"branchMap":{"0":{"loc":{"start":{"line":22,"column":6},"end":{"line":34,"column":7}},"type":"if","locations":[{"start":{"line":22,"column":6},"end":{"line":34,"column":7}},{"start":{"line":24,"column":13},"end":{"line":34,"column":7}}]},"1":{"loc":{"start":{"line":24,"column":13},"end":{"line":34,"column":7}},"type":"if","locations":[{"start":{"line":24,"column":13},"end":{"line":34,"column":7}},{"start":{"line":26,"column":13},"end":{"line":34,"column":7}}]},"2":{"loc":{"start":{"line":29,"column":8},"end":{"line":33,"column":9}},"type":"if","locations":[{"start":{"line":29,"column":8},"end":{"line":33,"column":9}},{"start":{"line":31,"column":15},"end":{"line":33,"column":9}}]},"3":{"loc":{"start":{"line":30,"column":32},"end":{"line":30,"column":51}},"type":"cond-expr","locations":[{"start":{"line":30,"column":43},"end":{"line":30,"column":46}},{"start":{"line":30,"column":49},"end":{"line":30,"column":51}}]},"4":{"loc":{"start":{"line":32,"column":32},"end":{"line":32,"column":51}},"type":"cond-expr","locations":[{"start":{"line":32,"column":43},"end":{"line":32,"column":46}},{"start":{"line":32,"column":49},"end":{"line":32,"column":51}}]},"5":{"loc":{"start":{"line":65,"column":16},"end":{"line":65,"column":54}},"type":"binary-expr","locations":[{"start":{"line":65,"column":16},"end":{"line":65,"column":46}},{"start":{"line":65,"column":50},"end":{"line":65,"column":54}}]},"6":{"loc":{"start":{"line":66,"column":21},"end":{"line":66,"column":69}},"type":"binary-expr","locations":[{"start":{"line":66,"column":21},"end":{"line":66,"column":61}},{"start":{"line":66,"column":65},"end":{"line":66,"column":69}}]},"7":{"loc":{"start":{"line":71,"column":4},"end":{"line":73,"column":5}},"type":"if","locations":[{"start":{"line":71,"column":4},"end":{"line":73,"column":5}},{"start":{},"end":{}}]},"8":{"loc":{"start":{"line":74,"column":4},"end":{"line":76,"column":5}},"type":"if","locations":[{"start":{"line":74,"column":4},"end":{"line":76,"column":5}},{"start":{},"end":{}}]},"9":{"loc":{"start":{"line":77,"column":4},"end":{"line":79,"column":5}},"type":"if","locations":[{"start":{"line":77,"column":4},"end":{"line":79,"column":5}},{"start":{},"end":{}}]},"10":{"loc":{"start":{"line":84,"column":4},"end":{"line":86,"column":5}},"type":"if","locations":[{"start":{"line":84,"column":4},"end":{"line":86,"column":5}},{"start":{},"end":{}}]},"11":{"loc":{"start":{"line":84,"column":8},"end":{"line":84,"column":37}},"type":"binary-expr","locations":[{"start":{"line":84,"column":8},"end":{"line":84,"column":15}},{"start":{"line":84,"column":19},"end":{"line":84,"column":37}}]}},"s":{"0":1,"1":1,"2":1,"3":15,"4":15,"5":15,"6":15,"7":15,"8":15,"9":120,"10":120,"11":120,"12":15,"13":105,"14":45,"15":60,"16":60,"17":60,"18":15,"19":45,"20":120,"21":15,"22":15,"23":625,"24":625,"25":15,"26":0,"27":0,"28":0,"29":0,"30":0,"31":0,"32":0,"33":15,"34":0,"35":0,"36":0,"37":15,"38":15,"39":3,"40":120,"41":1},"f":{"0":15,"1":15,"2":625,"3":0,"4":0,"5":3,"6":120},"b":{"0":[15,105],"1":[45,60],"2":[15,45],"3":[0,15],"4":[0,45],"5":[625,1],"6":[625,497],"7":[0,0],"8":[0,0],"9":[0,0],"10":[0,0],"11":[0,0]}}
,"/Users/mitch/Documents/MiscProjects/climbing-weather-ts/src/utils/testUtils.ts": {"path":"/Users/mitch/Documents/MiscProjects/climbing-weather-ts/src/utils/testUtils.ts","statementMap":{"0":{"start":{"line":2,"column":38},"end":{"line":8,"column":2}},"1":{"start":{"line":2,"column":59},"end":{"line":8,"column":2}},"2":{"start":{"line":2,"column":13},"end":{"line":2,"column":38}},"3":{"start":{"line":10,"column":40},"end":{"line":32,"column":2}},"4":{"start":{"line":10,"column":61},"end":{"line":32,"column":2}},"5":{"start":{"line":10,"column":13},"end":{"line":10,"column":40}},"6":{"start":{"line":34,"column":38},"end":{"line":51,"column":2}},"7":{"start":{"line":34,"column":59},"end":{"line":51,"column":2}},"8":{"start":{"line":34,"column":13},"end":{"line":34,"column":38}},"9":{"start":{"line":53,"column":37},"end":{"line":57,"column":2}},"10":{"start":{"line":53,"column":58},"end":{"line":57,"column":2}},"11":{"start":{"line":53,"column":13},"end":{"line":53,"column":37}},"12":{"start":{"line":59,"column":42},"end":{"line":66,"column":2}},"13":{"start":{"line":59,"column":63},"end":{"line":66,"column":2}},"14":{"start":{"line":59,"column":13},"end":{"line":59,"column":42}},"15":{"start":{"line":69,"column":24},"end":{"line":73,"column":1}},"16":{"start":{"line":70,"column":17},"end":{"line":70,"column":31}},"17":{"start":{"line":71,"column":2},"end":{"line":71,"column":45}},"18":{"start":{"line":72,"column":2},"end":{"line":72,"column":16}},"19":{"start":{"line":69,"column":13},"end":{"line":69,"column":24}},"20":{"start":{"line":75,"column":23},"end":{"line":79,"column":1}},"21":{"start":{"line":76,"column":17},"end":{"line":76,"column":31}},"22":{"start":{"line":77,"column":2},"end":{"line":77,"column":42}},"23":{"start":{"line":78,"column":2},"end":{"line":78,"column":16}},"24":{"start":{"line":75,"column":13},"end":{"line":75,"column":23}},"25":{"start":{"line":82,"column":34},"end":{"line":84,"column":1}},"26":{"start":{"line":83,"column":2},"end":{"line":83,"column":36}},"27":{"start":{"line":82,"column":13},"end":{"line":82,"column":34}},"28":{"start":{"line":86,"column":31},"end":{"line":89,"column":1}},"29":{"start":{"line":87,"column":2},"end":{"line":87,"column":37}},"30":{"start":{"line":87,"column":25},"end":{"line":87,"column":37}},"31":{"start":{"line":88,"column":2},"end":{"line":88,"column":42}},"32":{"start":{"line":86,"column":13},"end":{"line":86,"column":31}},"33":{"start":{"line":91,"column":36},"end":{"line":94,"column":1}},"34":{"start":{"line":92,"column":2},"end":{"line":92,"column":42}},"35":{"start":{"line":92,"column":30},"end":{"line":92,"column":42}},"36":{"start":{"line":93,"column":2},"end":{"line":93,"column":52}},"37":{"start":{"line":91,"column":13},"end":{"line":91,"column":36}},"38":{"start":{"line":96,"column":36},"end":{"line":99,"column":1}},"39":{"start":{"line":97,"column":26},"end":{"line":97,"column":70}},"40":{"start":{"line":98,"column":2},"end":{"line":98,"column":45}},"41":{"start":{"line":96,"column":13},"end":{"line":96,"column":36}},"42":{"start":{"line":101,"column":27},"end":{"line":104,"column":1}},"43":{"start":{"line":102,"column":15},"end":{"line":102,"column":35}},"44":{"start":{"line":103,"column":2},"end":{"line":103,"column":32}},"45":{"start":{"line":101,"column":13},"end":{"line":101,"column":27}},"46":{"start":{"line":107,"column":43},"end":{"line":121,"column":1}},"47":{"start":{"line":108,"column":2},"end":{"line":120,"column":5}},"48":{"start":{"line":109,"column":22},"end":{"line":109,"column":33}},"49":{"start":{"line":110,"column":17},"end":{"line":110,"column":44}},"50":{"start":{"line":112,"column":4},"end":{"line":119,"column":7}},"51":{"start":{"line":107,"column":13},"end":{"line":107,"column":43}},"52":{"start":{"line":123,"column":41},"end":{"line":133,"column":1}},"53":{"start":{"line":124,"column":2},"end":{"line":132,"column":5}},"54":{"start":{"line":125,"column":17},"end":{"line":125,"column":39}},"55":{"start":{"line":127,"column":4},"end":{"line":131,"column":7}},"56":{"start":{"line":123,"column":13},"end":{"line":123,"column":41}}},"fnMap":{"0":{"name":"(anonymous_0)","decl":{"start":{"line":2,"column":38},"end":{"line":2,"column":39}},"loc":{"start":{"line":2,"column":59},"end":{"line":8,"column":2}}},"1":{"name":"(anonymous_1)","decl":{"start":{"line":10,"column":40},"end":{"line":10,"column":41}},"loc":{"start":{"line":10,"column":61},"end":{"line":32,"column":2}}},"2":{"name":"(anonymous_2)","decl":{"start":{"line":34,"column":38},"end":{"line":34,"column":39}},"loc":{"start":{"line":34,"column":59},"end":{"line":51,"column":2}}},"3":{"name":"(anonymous_3)","decl":{"start":{"line":53,"column":37},"end":{"line":53,"column":38}},"loc":{"start":{"line":53,"column":58},"end":{"line":57,"column":2}}},"4":{"name":"(anonymous_4)","decl":{"start":{"line":59,"column":42},"end":{"line":59,"column":43}},"loc":{"start":{"line":59,"column":63},"end":{"line":66,"column":2}}},"5":{"name":"(anonymous_5)","decl":{"start":{"line":69,"column":24},"end":{"line":69,"column":25}},"loc":{"start":{"line":69,"column":60},"end":{"line":73,"column":1}}},"6":{"name":"(anonymous_6)","decl":{"start":{"line":75,"column":23},"end":{"line":75,"column":24}},"loc":{"start":{"line":75,"column":58},"end":{"line":79,"column":1}}},"7":{"name":"(anonymous_7)","decl":{"start":{"line":82,"column":34},"end":{"line":82,"column":35}},"loc":{"start":{"line":82,"column":60},"end":{"line":84,"column":1}}},"8":{"name":"(anonymous_8)","decl":{"start":{"line":86,"column":31},"end":{"line":86,"column":32}},"loc":{"start":{"line":86,"column":68},"end":{"line":89,"column":1}}},"9":{"name":"(anonymous_9)","decl":{"start":{"line":91,"column":36},"end":{"line":91,"column":37}},"loc":{"start":{"line":91,"column":78},"end":{"line":94,"column":1}}},"10":{"name":"(anonymous_10)","decl":{"start":{"line":96,"column":36},"end":{"line":96,"column":37}},"loc":{"start":{"line":96,"column":67},"end":{"line":99,"column":1}}},"11":{"name":"(anonymous_11)","decl":{"start":{"line":101,"column":27},"end":{"line":101,"column":28}},"loc":{"start":{"line":101,"column":59},"end":{"line":104,"column":1}}},"12":{"name":"(anonymous_12)","decl":{"start":{"line":107,"column":43},"end":{"line":107,"column":44}},"loc":{"start":{"line":107,"column":85},"end":{"line":121,"column":1}}},"13":{"name":"(anonymous_13)","decl":{"start":{"line":108,"column":39},"end":{"line":108,"column":40}},"loc":{"start":{"line":108,"column":48},"end":{"line":120,"column":3}}},"14":{"name":"(anonymous_14)","decl":{"start":{"line":123,"column":41},"end":{"line":123,"column":42}},"loc":{"start":{"line":123,"column":83},"end":{"line":133,"column":1}}},"15":{"name":"(anonymous_15)","decl":{"start":{"line":124,"column":39},"end":{"line":124,"column":40}},"loc":{"start":{"line":124,"column":48},"end":{"line":132,"column":3}}}},"branchMap":{"0":{"loc":{"start":{"line":2,"column":39},"end":{"line":2,"column":53}},"type":"default-arg","locations":[{"start":{"line":2,"column":51},"end":{"line":2,"column":53}}]},"1":{"loc":{"start":{"line":10,"column":41},"end":{"line":10,"column":55}},"type":"default-arg","locations":[{"start":{"line":10,"column":53},"end":{"line":10,"column":55}}]},"2":{"loc":{"start":{"line":34,"column":39},"end":{"line":34,"column":53}},"type":"default-arg","locations":[{"start":{"line":34,"column":51},"end":{"line":34,"column":53}}]},"3":{"loc":{"start":{"line":59,"column":43},"end":{"line":59,"column":57}},"type":"default-arg","locations":[{"start":{"line":59,"column":55},"end":{"line":59,"column":57}}]},"4":{"loc":{"start":{"line":83,"column":9},"end":{"line":83,"column":35}},"type":"binary-expr","locations":[{"start":{"line":83,"column":9},"end":{"line":83,"column":20}},{"start":{"line":83,"column":24},"end":{"line":83,"column":35}}]},"5":{"loc":{"start":{"line":87,"column":2},"end":{"line":87,"column":37}},"type":"if","locations":[{"start":{"line":87,"column":2},"end":{"line":87,"column":37}},{"start":{},"end":{}}]},"6":{"loc":{"start":{"line":88,"column":9},"end":{"line":88,"column":41}},"type":"binary-expr","locations":[{"start":{"line":88,"column":9},"end":{"line":88,"column":22}},{"start":{"line":88,"column":26},"end":{"line":88,"column":41}}]},"7":{"loc":{"start":{"line":92,"column":2},"end":{"line":92,"column":42}},"type":"if","locations":[{"start":{"line":92,"column":2},"end":{"line":92,"column":42}},{"start":{},"end":{}}]},"8":{"loc":{"start":{"line":93,"column":9},"end":{"line":93,"column":51}},"type":"binary-expr","locations":[{"start":{"line":93,"column":9},"end":{"line":93,"column":27}},{"start":{"line":93,"column":31},"end":{"line":93,"column":51}}]},"9":{"loc":{"start":{"line":107,"column":59},"end":{"line":107,"column":81}},"type":"default-arg","locations":[{"start":{"line":107,"column":71},"end":{"line":107,"column":81}}]},"10":{"loc":{"start":{"line":114,"column":12},"end":{"line":114,"column":89}},"type":"cond-expr","locations":[{"start":{"line":114,"column":24},"end":{"line":114,"column":54}},{"start":{"line":114,"column":57},"end":{"line":114,"column":89}}]},"11":{"loc":{"start":{"line":118,"column":19},"end":{"line":118,"column":80}},"type":"cond-expr","locations":[{"start":{"line":118,"column":31},"end":{"line":118,"column":54}},{"start":{"line":118,"column":57},"end":{"line":118,"column":80}}]},"12":{"loc":{"start":{"line":123,"column":57},"end":{"line":123,"column":79}},"type":"default-arg","locations":[{"start":{"line":123,"column":69},"end":{"line":123,"column":79}}]}},"s":{"0":1,"1":2,"2":1,"3":1,"4":28,"5":1,"6":1,"7":57,"8":1,"9":1,"10":1,"11":1,"12":1,"13":1,"14":1,"15":1,"16":165,"17":165,"18":165,"19":1,"20":1,"21":2,"22":2,"23":2,"24":1,"25":1,"26":43,"27":1,"28":1,"29":6,"30":1,"31":5,"32":1,"33":1,"34":6,"35":1,"36":5,"37":1,"38":1,"39":12,"40":12,"41":1,"42":1,"43":21,"44":21,"45":1,"46":1,"47":5,"48":25,"49":25,"50":25,"51":1,"52":1,"53":4,"54":56,"55":56,"56":1},"f":{"0":2,"1":28,"2":57,"3":1,"4":1,"5":165,"6":2,"7":43,"8":6,"9":6,"10":12,"11":21,"12":5,"13":25,"14":4,"15":56},"b":{"0":[1],"1":[3],"2":[1],"3":[1],"4":[43,41],"5":[1,5],"6":[5,4],"7":[1,5],"8":[5,4],"9":[5],"10":[13,12],"11":[13,12],"12":[3]}}
,"/Users/mitch/Documents/MiscProjects/climbing-weather-ts/src/weatherData/mockData.ts": {"path":"/Users/mitch/Documents/MiscProjects/climbing-weather-ts/src/weatherData/mockData.ts","statementMap":{"0":{"start":{"line":2,"column":13},"end":{"line":35,"column":2}},"1":{"start":{"line":5,"column":24},"end":{"line":5,"column":34}},"2":{"start":{"line":6,"column":6},"end":{"line":6,"column":51}},"3":{"start":{"line":7,"column":22},"end":{"line":7,"column":41}},"4":{"start":{"line":8,"column":6},"end":{"line":8,"column":47}},"5":{"start":{"line":11,"column":19},"end":{"line":11,"column":39}},"6":{"start":{"line":12,"column":23},"end":{"line":12,"column":25}},"7":{"start":{"line":13,"column":24},"end":{"line":13,"column":64}},"8":{"start":{"line":14,"column":26},"end":{"line":14,"column":58}},"9":{"start":{"line":16,"column":6},"end":{"line":32,"column":8}},"10":{"start":{"line":37,"column":13},"end":{"line":73,"column":2}},"11":{"start":{"line":40,"column":24},"end":{"line":40,"column":34}},"12":{"start":{"line":41,"column":6},"end":{"line":41,"column":65}},"13":{"start":{"line":43,"column":24},"end":{"line":43,"column":35}},"14":{"start":{"line":44,"column":24},"end":{"line":44,"column":82}},"15":{"start":{"line":46,"column":6},"end":{"line":70,"column":8}}},"fnMap":{"0":{"name":"(anonymous_0)","decl":{"start":{"line":4,"column":40},"end":{"line":4,"column":41}},"loc":{"start":{"line":4,"column":49},"end":{"line":33,"column":5}}},"1":{"name":"(anonymous_1)","decl":{"start":{"line":39,"column":40},"end":{"line":39,"column":41}},"loc":{"start":{"line":39,"column":49},"end":{"line":71,"column":5}}}},"branchMap":{"0":{"loc":{"start":{"line":26,"column":17},"end":{"line":26,"column":76}},"type":"cond-expr","locations":[{"start":{"line":26,"column":39},"end":{"line":26,"column":69}},{"start":{"line":26,"column":72},"end":{"line":26,"column":76}}]},"1":{"loc":{"start":{"line":48,"column":14},"end":{"line":48,"column":58}},"type":"cond-expr","locations":[{"start":{"line":48,"column":26},"end":{"line":48,"column":35}},{"start":{"line":48,"column":38},"end":{"line":48,"column":58}}]},"2":{"loc":{"start":{"line":52,"column":21},"end":{"line":52,"column":106}},"type":"cond-expr","locations":[{"start":{"line":52,"column":33},"end":{"line":52,"column":68}},{"start":{"line":52,"column":71},"end":{"line":52,"column":106}}]},"3":{"loc":{"start":{"line":61,"column":48},"end":{"line":61,"column":133}},"type":"cond-expr","locations":[{"start":{"line":61,"column":60},"end":{"line":61,"column":95}},{"start":{"line":61,"column":98},"end":{"line":61,"column":133}}]},"4":{"loc":{"start":{"line":64,"column":17},"end":{"line":64,"column":76}},"type":"cond-expr","locations":[{"start":{"line":64,"column":39},"end":{"line":64,"column":69}},{"start":{"line":64,"column":72},"end":{"line":64,"column":76}}]}},"s":{"0":2,"1":96,"2":96,"3":96,"4":96,"5":96,"6":96,"7":96,"8":96,"9":96,"10":2,"11":28,"12":28,"13":28,"14":28,"15":28},"f":{"0":96,"1":28},"b":{"0":[30,66],"1":[14,14],"2":[14,14],"3":[14,14],"4":[8,20]}}
,"/Users/mitch/Documents/MiscProjects/climbing-weather-ts/src/weatherData/weatherApi.ts": {"path":"/Users/mitch/Documents/MiscProjects/climbing-weather-ts/src/weatherData/weatherApi.ts","statementMap":{"0":{"start":{"line":79,"column":0},"end":{"line":79,"column":7}},"1":{"start":{"line":91,"column":0},"end":{"line":91,"column":7}},"2":{"start":{"line":99,"column":0},"end":{"line":99,"column":7}},"3":{"start":{"line":107,"column":0},"end":{"line":107,"column":7}},"4":{"start":{"line":77,"column":23},"end":{"line":77,"column":56}},"5":{"start":{"line":83,"column":24},"end":{"line":83,"column":67}},"6":{"start":{"line":84,"column":29},"end":{"line":84,"column":53}},"7":{"start":{"line":85,"column":4},"end":{"line":87,"column":5}},"8":{"start":{"line":86,"column":8},"end":{"line":86,"column":117}},"9":{"start":{"line":88,"column":4},"end":{"line":88,"column":35}},"10":{"start":{"line":92,"column":29},"end":{"line":92,"column":74}},"11":{"start":{"line":93,"column":4},"end":{"line":95,"column":5}},"12":{"start":{"line":94,"column":8},"end":{"line":94,"column":91}},"13":{"start":{"line":96,"column":4},"end":{"line":96,"column":35}},"14":{"start":{"line":100,"column":29},"end":{"line":100,"column":80}},"15":{"start":{"line":101,"column":4},"end":{"line":103,"column":5}},"16":{"start":{"line":102,"column":8},"end":{"line":102,"column":90}},"17":{"start":{"line":104,"column":4},"end":{"line":104,"column":35}},"18":{"start":{"line":108,"column":25},"end":{"line":108,"column":80}},"19":{"start":{"line":110,"column":4},"end":{"line":114,"column":5}},"20":{"start":{"line":111,"column":8},"end":{"line":111,"column":53}},"21":{"start":{"line":113,"column":8},"end":{"line":113,"column":53}}},"fnMap":{"0":{"name":"makeWeatherApiCall","decl":{"start":{"line":79,"column":22},"end":{"line":79,"column":40}},"loc":{"start":{"line":81,"column":21},"end":{"line":89,"column":1}}},"1":{"name":"get12HourForecast","decl":{"start":{"line":91,"column":22},"end":{"line":91,"column":39}},"loc":{"start":{"line":91,"column":80},"end":{"line":97,"column":1}}},"2":{"name":"getHourlyForecast","decl":{"start":{"line":99,"column":22},"end":{"line":99,"column":39}},"loc":{"start":{"line":99,"column":80},"end":{"line":105,"column":1}}},"3":{"name":"getWeatherForArea","decl":{"start":{"line":107,"column":22},"end":{"line":107,"column":39}},"loc":{"start":{"line":107,"column":104},"end":{"line":115,"column":1}}}},"branchMap":{"0":{"loc":{"start":{"line":85,"column":4},"end":{"line":87,"column":5}},"type":"if","locations":[{"start":{"line":85,"column":4},"end":{"line":87,"column":5}},{"start":{},"end":{}}]},"1":{"loc":{"start":{"line":93,"column":4},"end":{"line":95,"column":5}},"type":"if","locations":[{"start":{"line":93,"column":4},"end":{"line":95,"column":5}},{"start":{},"end":{}}]},"2":{"loc":{"start":{"line":101,"column":4},"end":{"line":103,"column":5}},"type":"if","locations":[{"start":{"line":101,"column":4},"end":{"line":103,"column":5}},{"start":{},"end":{}}]},"3":{"loc":{"start":{"line":107,"column":60},"end":{"line":107,"column":104}},"type":"default-arg","locations":[{"start":{"line":107,"column":96},"end":{"line":107,"column":104}}]},"4":{"loc":{"start":{"line":110,"column":4},"end":{"line":114,"column":5}},"type":"if","locations":[{"start":{"line":110,"column":4},"end":{"line":114,"column":5}},{"start":{"line":112,"column":11},"end":{"line":114,"column":5}}]}},"s":{"0":2,"1":2,"2":2,"3":2,"4":2,"5":6,"6":6,"7":5,"8":2,"9":3,"10":3,"11":3,"12":1,"13":2,"14":3,"15":3,"16":1,"17":2,"18":3,"19":2,"20":1,"21":1},"f":{"0":6,"1":3,"2":3,"3":3},"b":{"0":[2,3],"1":[1,2],"2":[1,2],"3":[2],"4":[1,1]}}
}
