{"/home/runner/work/climbing-weather-ts/climbing-weather-ts/src/App.tsx": {"path":"/home/runner/work/climbing-weather-ts/climbing-weather-ts/src/App.tsx","statementMap":{"0":{"start":{"line":1,"column":0},"end":{"line":1,"column":44}},"1":{"start":{"line":2,"column":0},"end":{"line":2,"column":67}},"2":{"start":{"line":3,"column":0},"end":{"line":3,"column":121}},"3":{"start":{"line":4,"column":0},"end":{"line":4,"column":72}},"4":{"start":{"line":5,"column":0},"end":{"line":5,"column":51}},"5":{"start":{"line":6,"column":0},"end":{"line":6,"column":55}},"6":{"start":{"line":7,"column":0},"end":{"line":7,"column":51}},"7":{"start":{"line":18,"column":44},"end":{"line":18,"column":89}},"8":{"start":{"line":19,"column":42},"end":{"line":19,"column":74}},"9":{"start":{"line":20,"column":40},"end":{"line":20,"column":71}},"10":{"start":{"line":21,"column":32},"end":{"line":21,"column":47}},"11":{"start":{"line":22,"column":28},"end":{"line":22,"column":57}},"12":{"start":{"line":24,"column":16},"end":{"line":24,"column":53}},"13":{"start":{"line":26,"column":27},"end":{"line":66,"column":3}},"14":{"start":{"line":27,"column":4},"end":{"line":27,"column":38}},"15":{"start":{"line":27,"column":31},"end":{"line":27,"column":38}},"16":{"start":{"line":29,"column":4},"end":{"line":29,"column":21}},"17":{"start":{"line":30,"column":4},"end":{"line":30,"column":19}},"18":{"start":{"line":32,"column":4},"end":{"line":65,"column":5}},"19":{"start":{"line":33,"column":48},"end":{"line":33,"column":50}},"20":{"start":{"line":35,"column":6},"end":{"line":56,"column":7}},"21":{"start":{"line":36,"column":21},"end":{"line":36,"column":35}},"22":{"start":{"line":37,"column":8},"end":{"line":55,"column":9}},"23":{"start":{"line":38,"column":10},"end":{"line":54,"column":11}},"24":{"start":{"line":39,"column":25},"end":{"line":39,"column":68}},"25":{"start":{"line":40,"column":12},"end":{"line":44,"column":15}},"26":{"start":{"line":46,"column":12},"end":{"line":46,"column":79}},"27":{"start":{"line":48,"column":29},"end":{"line":48,"column":88}},"28":{"start":{"line":49,"column":12},"end":{"line":53,"column":15}},"29":{"start":{"line":58,"column":6},"end":{"line":58,"column":37}},"30":{"start":{"line":59,"column":6},"end":{"line":59,"column":21}},"31":{"start":{"line":61,"column":6},"end":{"line":61,"column":57}},"32":{"start":{"line":62,"column":6},"end":{"line":62,"column":47}},"33":{"start":{"line":64,"column":6},"end":{"line":64,"column":24}},"34":{"start":{"line":68,"column":2},"end":{"line":70,"column":36}},"35":{"start":{"line":69,"column":4},"end":{"line":69,"column":23}},"36":{"start":{"line":72,"column":30},"end":{"line":96,"column":3}},"37":{"start":{"line":73,"column":4},"end":{"line":75,"column":5}},"38":{"start":{"line":74,"column":6},"end":{"line":74,"column":68}},"39":{"start":{"line":77,"column":4},"end":{"line":79,"column":5}},"40":{"start":{"line":78,"column":6},"end":{"line":78,"column":57}},"41":{"start":{"line":81,"column":4},"end":{"line":83,"column":5}},"42":{"start":{"line":82,"column":6},"end":{"line":82,"column":62}},"43":{"start":{"line":85,"column":4},"end":{"line":95,"column":5}},"44":{"start":{"line":86,"column":6},"end":{"line":89,"column":14}},"45":{"start":{"line":86,"column":64},"end":{"line":89,"column":8}},"46":{"start":{"line":91,"column":6},"end":{"line":94,"column":14}},"47":{"start":{"line":91,"column":66},"end":{"line":94,"column":8}},"48":{"start":{"line":98,"column":2},"end":{"line":143,"column":4}},"49":{"start":{"line":123,"column":29},"end":{"line":123,"column":54}},"50":{"start":{"line":129,"column":29},"end":{"line":129,"column":54}},"51":{"start":{"line":146,"column":0},"end":{"line":146,"column":19}}},"fnMap":{"0":{"name":"App","decl":{"start":{"line":17,"column":9},"end":{"line":17,"column":12}},"loc":{"start":{"line":17,"column":12},"end":{"line":144,"column":1}}},"1":{"name":"(anonymous_2)","decl":{"start":{"line":26,"column":27},"end":{"line":26,"column":32}},"loc":{"start":{"line":26,"column":38},"end":{"line":66,"column":3}}},"2":{"name":"(anonymous_3)","decl":{"start":{"line":68,"column":12},"end":{"line":68,"column":15}},"loc":{"start":{"line":68,"column":17},"end":{"line":70,"column":3}}},"3":{"name":"(anonymous_4)","decl":{"start":{"line":72,"column":30},"end":{"line":72,"column":33}},"loc":{"start":{"line":72,"column":35},"end":{"line":96,"column":3}}},"4":{"name":"(anonymous_5)","decl":{"start":{"line":86,"column":55},"end":{"line":86,"column":59}},"loc":{"start":{"line":86,"column":64},"end":{"line":89,"column":8}}},"5":{"name":"(anonymous_6)","decl":{"start":{"line":91,"column":57},"end":{"line":91,"column":61}},"loc":{"start":{"line":91,"column":66},"end":{"line":94,"column":8}}},"6":{"name":"(anonymous_7)","decl":{"start":{"line":123,"column":23},"end":{"line":123,"column":26}},"loc":{"start":{"line":123,"column":29},"end":{"line":123,"column":54}}},"7":{"name":"(anonymous_8)","decl":{"start":{"line":129,"column":23},"end":{"line":129,"column":26}},"loc":{"start":{"line":129,"column":29},"end":{"line":129,"column":54}}}},"branchMap":{"0":{"loc":{"start":{"line":27,"column":4},"end":{"line":27,"column":38}},"type":"if","locations":[{"start":{"line":27,"column":4},"end":{"line":27,"column":38}},{"start":{},"end":{}}]},"1":{"loc":{"start":{"line":37,"column":8},"end":{"line":55,"column":9}},"type":"if","locations":[{"start":{"line":37,"column":8},"end":{"line":55,"column":9}},{"start":{},"end":{}}]},"2":{"loc":{"start":{"line":48,"column":29},"end":{"line":48,"column":88}},"type":"cond-expr","locations":[{"start":{"line":48,"column":57},"end":{"line":48,"column":71}},{"start":{"line":48,"column":74},"end":{"line":48,"column":88}}]},"3":{"loc":{"start":{"line":73,"column":4},"end":{"line":75,"column":5}},"type":"if","locations":[{"start":{"line":73,"column":4},"end":{"line":75,"column":5}},{"start":{},"end":{}}]},"4":{"loc":{"start":{"line":77,"column":4},"end":{"line":79,"column":5}},"type":"if","locations":[{"start":{"line":77,"column":4},"end":{"line":79,"column":5}},{"start":{},"end":{}}]},"5":{"loc":{"start":{"line":81,"column":4},"end":{"line":83,"column":5}},"type":"if","locations":[{"start":{"line":81,"column":4},"end":{"line":83,"column":5}},{"start":{},"end":{}}]},"6":{"loc":{"start":{"line":85,"column":4},"end":{"line":95,"column":5}},"type":"if","locations":[{"start":{"line":85,"column":4},"end":{"line":95,"column":5}},{"start":{"line":90,"column":11},"end":{"line":95,"column":5}}]},"7":{"loc":{"start":{"line":122,"column":42},"end":{"line":122,"column":83}},"type":"cond-expr","locations":[{"start":{"line":122,"column":70},"end":{"line":122,"column":78}},{"start":{"line":122,"column":81},"end":{"line":122,"column":83}}]},"8":{"loc":{"start":{"line":128,"column":42},"end":{"line":128,"column":83}},"type":"cond-expr","locations":[{"start":{"line":128,"column":70},"end":{"line":128,"column":78}},{"start":{"line":128,"column":81},"end":{"line":128,"column":83}}]}},"s":{"0":1,"1":1,"2":1,"3":1,"4":1,"5":1,"6":1,"7":44,"8":43,"9":43,"10":43,"11":43,"12":43,"13":43,"14":16,"15":0,"16":16,"17":16,"18":16,"19":16,"20":16,"21":35,"22":35,"23":35,"24":35,"25":34,"26":1,"27":1,"28":1,"29":16,"30":16,"31":0,"32":0,"33":16,"34":43,"35":16,"36":43,"37":43,"38":16,"39":27,"40":0,"41":27,"42":11,"43":16,"44":5,"45":12,"46":11,"47":24,"48":43,"49":0,"50":3,"51":1},"f":{"0":44,"1":16,"2":16,"3":43,"4":12,"5":24,"6":0,"7":3},"b":{"0":[0,16],"1":[35,0],"2":[0,1],"3":[16,27],"4":[0,27],"5":[11,16],"6":[5,11],"7":[35,8],"8":[8,35]}}
,"/home/runner/work/climbing-weather-ts/climbing-weather-ts/src/components/ForecastTable.tsx": {"path":"/home/runner/work/climbing-weather-ts/climbing-weather-ts/src/components/ForecastTable.tsx","statementMap":{"0":{"start":{"line":11,"column":24},"end":{"line":54,"column":1}},"1":{"start":{"line":12,"column":20},"end":{"line":12,"column":42}},"2":{"start":{"line":15,"column":2},"end":{"line":17,"column":3}},"3":{"start":{"line":16,"column":4},"end":{"line":16,"column":16}},"4":{"start":{"line":20,"column":2},"end":{"line":22,"column":3}},"5":{"start":{"line":21,"column":4},"end":{"line":21,"column":15}},"6":{"start":{"line":25,"column":2},"end":{"line":27,"column":3}},"7":{"start":{"line":26,"column":4},"end":{"line":26,"column":16}},"8":{"start":{"line":30,"column":2},"end":{"line":35,"column":3}},"9":{"start":{"line":31,"column":4},"end":{"line":33,"column":5}},"10":{"start":{"line":32,"column":6},"end":{"line":32,"column":18}},"11":{"start":{"line":34,"column":4},"end":{"line":34,"column":17}},"12":{"start":{"line":38,"column":2},"end":{"line":40,"column":3}},"13":{"start":{"line":39,"column":4},"end":{"line":39,"column":16}},"14":{"start":{"line":43,"column":2},"end":{"line":45,"column":3}},"15":{"start":{"line":44,"column":4},"end":{"line":44,"column":17}},"16":{"start":{"line":48,"column":2},"end":{"line":50,"column":3}},"17":{"start":{"line":49,"column":4},"end":{"line":49,"column":16}},"18":{"start":{"line":53,"column":2},"end":{"line":53,"column":15}},"19":{"start":{"line":56,"column":26},"end":{"line":62,"column":1}},"20":{"start":{"line":57,"column":2},"end":{"line":61,"column":4}},"21":{"start":{"line":64,"column":52},"end":{"line":142,"column":1}},"22":{"start":{"line":65,"column":32},"end":{"line":90,"column":3}},"23":{"start":{"line":66,"column":20},"end":{"line":66,"column":56}},"24":{"start":{"line":68,"column":4},"end":{"line":89,"column":7}},"25":{"start":{"line":69,"column":25},"end":{"line":82,"column":7}},"26":{"start":{"line":70,"column":21},"end":{"line":70,"column":41}},"27":{"start":{"line":71,"column":22},"end":{"line":71,"column":32}},"28":{"start":{"line":72,"column":25},"end":{"line":72,"column":40}},"29":{"start":{"line":73,"column":8},"end":{"line":73,"column":46}},"30":{"start":{"line":75,"column":8},"end":{"line":81,"column":9}},"31":{"start":{"line":76,"column":10},"end":{"line":76,"column":56}},"32":{"start":{"line":77,"column":15},"end":{"line":81,"column":9}},"33":{"start":{"line":78,"column":10},"end":{"line":78,"column":66}},"34":{"start":{"line":80,"column":10},"end":{"line":80,"column":29}},"35":{"start":{"line":84,"column":6},"end":{"line":88,"column":8}},"36":{"start":{"line":92,"column":2},"end":{"line":141,"column":4}},"37":{"start":{"line":95,"column":32},"end":{"line":95,"column":68}},"38":{"start":{"line":97,"column":8},"end":{"line":134,"column":10}},"39":{"start":{"line":106,"column":18},"end":{"line":106,"column":66}},"40":{"start":{"line":144,"column":0},"end":{"line":144,"column":29}}},"fnMap":{"0":{"name":"(anonymous_0)","decl":{"start":{"line":11,"column":24},"end":{"line":11,"column":25}},"loc":{"start":{"line":11,"column":53},"end":{"line":54,"column":1}}},"1":{"name":"(anonymous_1)","decl":{"start":{"line":56,"column":26},"end":{"line":56,"column":27}},"loc":{"start":{"line":56,"column":74},"end":{"line":62,"column":1}}},"2":{"name":"(anonymous_2)","decl":{"start":{"line":64,"column":52},"end":{"line":64,"column":53}},"loc":{"start":{"line":64,"column":72},"end":{"line":142,"column":1}}},"3":{"name":"(anonymous_3)","decl":{"start":{"line":65,"column":32},"end":{"line":65,"column":33}},"loc":{"start":{"line":65,"column":59},"end":{"line":90,"column":3}}},"4":{"name":"(anonymous_4)","decl":{"start":{"line":68,"column":23},"end":{"line":68,"column":24}},"loc":{"start":{"line":68,"column":34},"end":{"line":89,"column":5}}},"5":{"name":"(anonymous_5)","decl":{"start":{"line":69,"column":25},"end":{"line":69,"column":26}},"loc":{"start":{"line":69,"column":48},"end":{"line":82,"column":7}}},"6":{"name":"(anonymous_6)","decl":{"start":{"line":94,"column":23},"end":{"line":94,"column":24}},"loc":{"start":{"line":94,"column":43},"end":{"line":135,"column":7}}},"7":{"name":"(anonymous_7)","decl":{"start":{"line":105,"column":37},"end":{"line":105,"column":38}},"loc":{"start":{"line":106,"column":18},"end":{"line":106,"column":66}}}},"branchMap":{"0":{"loc":{"start":{"line":15,"column":2},"end":{"line":17,"column":3}},"type":"if","locations":[{"start":{"line":15,"column":2},"end":{"line":17,"column":3}},{"start":{},"end":{}}]},"1":{"loc":{"start":{"line":15,"column":6},"end":{"line":15,"column":64}},"type":"binary-expr","locations":[{"start":{"line":15,"column":6},"end":{"line":15,"column":33}},{"start":{"line":15,"column":37},"end":{"line":15,"column":64}}]},"2":{"loc":{"start":{"line":20,"column":2},"end":{"line":22,"column":3}},"type":"if","locations":[{"start":{"line":20,"column":2},"end":{"line":22,"column":3}},{"start":{},"end":{}}]},"3":{"loc":{"start":{"line":20,"column":6},"end":{"line":20,"column":63}},"type":"binary-expr","locations":[{"start":{"line":20,"column":6},"end":{"line":20,"column":34}},{"start":{"line":20,"column":38},"end":{"line":20,"column":63}}]},"4":{"loc":{"start":{"line":25,"column":2},"end":{"line":27,"column":3}},"type":"if","locations":[{"start":{"line":25,"column":2},"end":{"line":27,"column":3}},{"start":{},"end":{}}]},"5":{"loc":{"start":{"line":25,"column":6},"end":{"line":25,"column":100}},"type":"binary-expr","locations":[{"start":{"line":25,"column":6},"end":{"line":25,"column":34}},{"start":{"line":25,"column":38},"end":{"line":25,"column":68}},{"start":{"line":25,"column":72},"end":{"line":25,"column":100}}]},"6":{"loc":{"start":{"line":30,"column":2},"end":{"line":35,"column":3}},"type":"if","locations":[{"start":{"line":30,"column":2},"end":{"line":35,"column":3}},{"start":{},"end":{}}]},"7":{"loc":{"start":{"line":30,"column":6},"end":{"line":30,"column":64}},"type":"binary-expr","locations":[{"start":{"line":30,"column":6},"end":{"line":30,"column":32}},{"start":{"line":30,"column":36},"end":{"line":30,"column":64}}]},"8":{"loc":{"start":{"line":31,"column":4},"end":{"line":33,"column":5}},"type":"if","locations":[{"start":{"line":31,"column":4},"end":{"line":33,"column":5}},{"start":{},"end":{}}]},"9":{"loc":{"start":{"line":31,"column":8},"end":{"line":31,"column":73}},"type":"binary-expr","locations":[{"start":{"line":31,"column":8},"end":{"line":31,"column":42}},{"start":{"line":31,"column":46},"end":{"line":31,"column":73}}]},"10":{"loc":{"start":{"line":38,"column":2},"end":{"line":40,"column":3}},"type":"if","locations":[{"start":{"line":38,"column":2},"end":{"line":40,"column":3}},{"start":{},"end":{}}]},"11":{"loc":{"start":{"line":38,"column":6},"end":{"line":38,"column":63}},"type":"binary-expr","locations":[{"start":{"line":38,"column":6},"end":{"line":38,"column":32}},{"start":{"line":38,"column":36},"end":{"line":38,"column":63}}]},"12":{"loc":{"start":{"line":43,"column":2},"end":{"line":45,"column":3}},"type":"if","locations":[{"start":{"line":43,"column":2},"end":{"line":45,"column":3}},{"start":{},"end":{}}]},"13":{"loc":{"start":{"line":43,"column":6},"end":{"line":43,"column":61}},"type":"binary-expr","locations":[{"start":{"line":43,"column":6},"end":{"line":43,"column":31}},{"start":{"line":43,"column":35},"end":{"line":43,"column":61}}]},"14":{"loc":{"start":{"line":48,"column":2},"end":{"line":50,"column":3}},"type":"if","locations":[{"start":{"line":48,"column":2},"end":{"line":50,"column":3}},{"start":{},"end":{}}]},"15":{"loc":{"start":{"line":58,"column":36},"end":{"line":58,"column":59}},"type":"cond-expr","locations":[{"start":{"line":58,"column":45},"end":{"line":58,"column":51}},{"start":{"line":58,"column":54},"end":{"line":58,"column":59}}]},"16":{"loc":{"start":{"line":75,"column":8},"end":{"line":81,"column":9}},"type":"if","locations":[{"start":{"line":75,"column":8},"end":{"line":81,"column":9}},{"start":{"line":77,"column":15},"end":{"line":81,"column":9}}]},"17":{"loc":{"start":{"line":76,"column":17},"end":{"line":76,"column":55}},"type":"cond-expr","locations":[{"start":{"line":76,"column":36},"end":{"line":76,"column":43}},{"start":{"line":76,"column":46},"end":{"line":76,"column":55}}]},"18":{"loc":{"start":{"line":77,"column":15},"end":{"line":81,"column":9}},"type":"if","locations":[{"start":{"line":77,"column":15},"end":{"line":81,"column":9}},{"start":{"line":79,"column":15},"end":{"line":81,"column":9}}]},"19":{"loc":{"start":{"line":78,"column":17},"end":{"line":78,"column":65}},"type":"cond-expr","locations":[{"start":{"line":78,"column":36},"end":{"line":78,"column":46}},{"start":{"line":78,"column":49},"end":{"line":78,"column":65}}]},"20":{"loc":{"start":{"line":87,"column":23},"end":{"line":87,"column":71}},"type":"binary-expr","locations":[{"start":{"line":87,"column":23},"end":{"line":87,"column":63}},{"start":{"line":87,"column":67},"end":{"line":87,"column":71}}]},"21":{"loc":{"start":{"line":98,"column":61},"end":{"line":98,"column":106}},"type":"cond-expr","locations":[{"start":{"line":98,"column":94},"end":{"line":98,"column":100}},{"start":{"line":98,"column":103},"end":{"line":98,"column":106}}]},"22":{"loc":{"start":{"line":120,"column":23},"end":{"line":122,"column":49}},"type":"cond-expr","locations":[{"start":{"line":121,"column":26},"end":{"line":121,"column":68}},{"start":{"line":122,"column":26},"end":{"line":122,"column":49}}]},"23":{"loc":{"start":{"line":120,"column":23},"end":{"line":120,"column":90}},"type":"binary-expr","locations":[{"start":{"line":120,"column":23},"end":{"line":120,"column":52}},{"start":{"line":120,"column":56},"end":{"line":120,"column":90}}]}},"s":{"0":1,"1":37,"2":37,"3":37,"4":0,"5":0,"6":0,"7":0,"8":0,"9":0,"10":0,"11":0,"12":0,"13":0,"14":0,"15":0,"16":0,"17":0,"18":0,"19":1,"20":37,"21":1,"22":13,"23":13,"24":13,"25":37,"26":37,"27":37,"28":37,"29":37,"30":37,"31":0,"32":37,"33":0,"34":37,"35":37,"36":13,"37":13,"38":13,"39":37,"40":1},"f":{"0":37,"1":37,"2":13,"3":13,"4":37,"5":37,"6":13,"7":37},"b":{"0":[37,0],"1":[37,11],"2":[0,0],"3":[0,0],"4":[0,0],"5":[0,0,0],"6":[0,0],"7":[0,0],"8":[0,0],"9":[0,0],"10":[0,0],"11":[0,0],"12":[0,0],"13":[0,0],"14":[0,0],"15":[19,18],"16":[0,37],"17":[0,0],"18":[0,37],"19":[0,0],"20":[37,26],"21":[0,13],"22":[11,26],"23":[37,11]}}
,"/home/runner/work/climbing-weather-ts/climbing-weather-ts/src/components/HourlyChart.tsx": {"path":"/home/runner/work/climbing-weather-ts/climbing-weather-ts/src/components/HourlyChart.tsx","statementMap":{"0":{"start":{"line":1,"column":0},"end":{"line":1,"column":33}},"1":{"start":{"line":2,"column":0},"end":{"line":2,"column":102}},"2":{"start":{"line":13,"column":48},"end":{"line":246,"column":1}},"3":{"start":{"line":14,"column":48},"end":{"line":14,"column":67}},"4":{"start":{"line":17,"column":30},"end":{"line":53,"column":3}},"5":{"start":{"line":18,"column":20},"end":{"line":18,"column":22}},"6":{"start":{"line":19,"column":16},"end":{"line":19,"column":26}},"7":{"start":{"line":21,"column":4},"end":{"line":51,"column":5}},"8":{"start":{"line":21,"column":17},"end":{"line":21,"column":18}},"9":{"start":{"line":22,"column":25},"end":{"line":22,"column":38}},"10":{"start":{"line":23,"column":6},"end":{"line":23,"column":53}},"11":{"start":{"line":26,"column":6},"end":{"line":38,"column":7}},"12":{"start":{"line":27,"column":8},"end":{"line":27,"column":22}},"13":{"start":{"line":28,"column":13},"end":{"line":38,"column":7}},"14":{"start":{"line":29,"column":8},"end":{"line":29,"column":38}},"15":{"start":{"line":31,"column":21},"end":{"line":31,"column":39}},"16":{"start":{"line":32,"column":22},"end":{"line":32,"column":28}},"17":{"start":{"line":33,"column":8},"end":{"line":37,"column":9}},"18":{"start":{"line":34,"column":10},"end":{"line":34,"column":63}},"19":{"start":{"line":36,"column":10},"end":{"line":36,"column":79}},"20":{"start":{"line":40,"column":6},"end":{"line":50,"column":9}},"21":{"start":{"line":52,"column":4},"end":{"line":52,"column":19}},"22":{"start":{"line":56,"column":27},"end":{"line":74,"column":3}},"23":{"start":{"line":57,"column":4},"end":{"line":73,"column":7}},"24":{"start":{"line":58,"column":19},"end":{"line":58,"column":45}},"25":{"start":{"line":59,"column":6},"end":{"line":72,"column":8}},"26":{"start":{"line":76,"column":24},"end":{"line":87,"column":3}},"27":{"start":{"line":77,"column":4},"end":{"line":79,"column":5}},"28":{"start":{"line":78,"column":6},"end":{"line":78,"column":74}},"29":{"start":{"line":80,"column":4},"end":{"line":82,"column":5}},"30":{"start":{"line":81,"column":6},"end":{"line":81,"column":39}},"31":{"start":{"line":83,"column":4},"end":{"line":85,"column":5}},"32":{"start":{"line":84,"column":6},"end":{"line":84,"column":44}},"33":{"start":{"line":86,"column":4},"end":{"line":86,"column":25}},"34":{"start":{"line":89,"column":22},"end":{"line":94,"column":3}},"35":{"start":{"line":90,"column":4},"end":{"line":92,"column":5}},"36":{"start":{"line":91,"column":6},"end":{"line":91,"column":41}},"37":{"start":{"line":93,"column":4},"end":{"line":93,"column":17}},"38":{"start":{"line":96,"column":27},"end":{"line":96,"column":48}},"39":{"start":{"line":98,"column":22},"end":{"line":207,"column":3}},"40":{"start":{"line":99,"column":22},"end":{"line":99,"column":53}},"41":{"start":{"line":101,"column":4},"end":{"line":206,"column":6}},"42":{"start":{"line":209,"column":2},"end":{"line":245,"column":4}},"43":{"start":{"line":219,"column":29},"end":{"line":219,"column":71}},"44":{"start":{"line":231,"column":14},"end":{"line":231,"column":41}},"45":{"start":{"line":239,"column":44},"end":{"line":239,"column":72}},"46":{"start":{"line":248,"column":0},"end":{"line":248,"column":27}}},"fnMap":{"0":{"name":"(anonymous_0)","decl":{"start":{"line":13,"column":48},"end":{"line":13,"column":49}},"loc":{"start":{"line":13,"column":68},"end":{"line":246,"column":1}}},"1":{"name":"(anonymous_1)","decl":{"start":{"line":17,"column":30},"end":{"line":17,"column":33}},"loc":{"start":{"line":17,"column":35},"end":{"line":53,"column":3}}},"2":{"name":"(anonymous_2)","decl":{"start":{"line":56,"column":27},"end":{"line":56,"column":28}},"loc":{"start":{"line":56,"column":60},"end":{"line":74,"column":3}}},"3":{"name":"(anonymous_3)","decl":{"start":{"line":57,"column":84},"end":{"line":57,"column":85}},"loc":{"start":{"line":57,"column":95},"end":{"line":73,"column":5}}},"4":{"name":"(anonymous_4)","decl":{"start":{"line":76,"column":24},"end":{"line":76,"column":25}},"loc":{"start":{"line":76,"column":65},"end":{"line":87,"column":3}}},"5":{"name":"(anonymous_5)","decl":{"start":{"line":89,"column":22},"end":{"line":89,"column":23}},"loc":{"start":{"line":89,"column":56},"end":{"line":94,"column":3}}},"6":{"name":"(anonymous_6)","decl":{"start":{"line":98,"column":22},"end":{"line":98,"column":23}},"loc":{"start":{"line":98,"column":119},"end":{"line":207,"column":3}}},"7":{"name":"(anonymous_7)","decl":{"start":{"line":219,"column":22},"end":{"line":219,"column":23}},"loc":{"start":{"line":219,"column":29},"end":{"line":219,"column":71}}},"8":{"name":"(anonymous_8)","decl":{"start":{"line":230,"column":34},"end":{"line":230,"column":35}},"loc":{"start":{"line":231,"column":14},"end":{"line":231,"column":41}}},"9":{"name":"(anonymous_9)","decl":{"start":{"line":239,"column":23},"end":{"line":239,"column":24}},"loc":{"start":{"line":239,"column":44},"end":{"line":239,"column":72}}}},"branchMap":{"0":{"loc":{"start":{"line":26,"column":6},"end":{"line":38,"column":7}},"type":"if","locations":[{"start":{"line":26,"column":6},"end":{"line":38,"column":7}},{"start":{"line":28,"column":13},"end":{"line":38,"column":7}}]},"1":{"loc":{"start":{"line":28,"column":13},"end":{"line":38,"column":7}},"type":"if","locations":[{"start":{"line":28,"column":13},"end":{"line":38,"column":7}},{"start":{"line":30,"column":13},"end":{"line":38,"column":7}}]},"2":{"loc":{"start":{"line":33,"column":8},"end":{"line":37,"column":9}},"type":"if","locations":[{"start":{"line":33,"column":8},"end":{"line":37,"column":9}},{"start":{"line":35,"column":15},"end":{"line":37,"column":9}}]},"3":{"loc":{"start":{"line":34,"column":32},"end":{"line":34,"column":51}},"type":"cond-expr","locations":[{"start":{"line":34,"column":43},"end":{"line":34,"column":46}},{"start":{"line":34,"column":49},"end":{"line":34,"column":51}}]},"4":{"loc":{"start":{"line":36,"column":32},"end":{"line":36,"column":51}},"type":"cond-expr","locations":[{"start":{"line":36,"column":43},"end":{"line":36,"column":46}},{"start":{"line":36,"column":49},"end":{"line":36,"column":51}}]},"5":{"loc":{"start":{"line":70,"column":18},"end":{"line":70,"column":56}},"type":"binary-expr","locations":[{"start":{"line":70,"column":18},"end":{"line":70,"column":48}},{"start":{"line":70,"column":52},"end":{"line":70,"column":56}}]},"6":{"loc":{"start":{"line":71,"column":23},"end":{"line":71,"column":71}},"type":"binary-expr","locations":[{"start":{"line":71,"column":23},"end":{"line":71,"column":63}},{"start":{"line":71,"column":67},"end":{"line":71,"column":71}}]},"7":{"loc":{"start":{"line":77,"column":4},"end":{"line":79,"column":5}},"type":"if","locations":[{"start":{"line":77,"column":4},"end":{"line":79,"column":5}},{"start":{},"end":{}}]},"8":{"loc":{"start":{"line":80,"column":4},"end":{"line":82,"column":5}},"type":"if","locations":[{"start":{"line":80,"column":4},"end":{"line":82,"column":5}},{"start":{},"end":{}}]},"9":{"loc":{"start":{"line":83,"column":4},"end":{"line":85,"column":5}},"type":"if","locations":[{"start":{"line":83,"column":4},"end":{"line":85,"column":5}},{"start":{},"end":{}}]},"10":{"loc":{"start":{"line":90,"column":4},"end":{"line":92,"column":5}},"type":"if","locations":[{"start":{"line":90,"column":4},"end":{"line":92,"column":5}},{"start":{},"end":{}}]},"11":{"loc":{"start":{"line":90,"column":8},"end":{"line":90,"column":37}},"type":"binary-expr","locations":[{"start":{"line":90,"column":8},"end":{"line":90,"column":15}},{"start":{"line":90,"column":19},"end":{"line":90,"column":37}}]},"12":{"loc":{"start":{"line":102,"column":57},"end":{"line":102,"column":102}},"type":"cond-expr","locations":[{"start":{"line":102,"column":90},"end":{"line":102,"column":96}},{"start":{"line":102,"column":99},"end":{"line":102,"column":102}}]}},"s":{"0":1,"1":1,"2":1,"3":5,"4":5,"5":5,"6":5,"7":5,"8":5,"9":40,"10":40,"11":40,"12":5,"13":35,"14":15,"15":20,"16":20,"17":20,"18":5,"19":15,"20":40,"21":5,"22":5,"23":6,"24":288,"25":288,"26":5,"27":0,"28":0,"29":0,"30":0,"31":0,"32":0,"33":0,"34":5,"35":0,"36":0,"37":0,"38":5,"39":5,"40":6,"41":6,"42":5,"43":0,"44":40,"45":6,"46":1},"f":{"0":5,"1":5,"2":6,"3":288,"4":0,"5":0,"6":6,"7":0,"8":40,"9":6},"b":{"0":[5,35],"1":[15,20],"2":[5,15],"3":[0,5],"4":[0,15],"5":[288,0],"6":[288,228],"7":[0,0],"8":[0,0],"9":[0,0],"10":[0,0],"11":[0,0],"12":[1,5]}}
,"/home/runner/work/climbing-weather-ts/climbing-weather-ts/src/components/MultiSelect.tsx": {"path":"/home/runner/work/climbing-weather-ts/climbing-weather-ts/src/components/MultiSelect.tsx","statementMap":{"0":{"start":{"line":1,"column":0},"end":{"line":1,"column":52}},"1":{"start":{"line":11,"column":48},"end":{"line":236,"column":1}},"2":{"start":{"line":17,"column":30},"end":{"line":17,"column":45}},"3":{"start":{"line":18,"column":38},"end":{"line":18,"column":50}},"4":{"start":{"line":19,"column":23},"end":{"line":19,"column":51}},"5":{"start":{"line":22,"column":2},"end":{"line":33,"column":9}},"6":{"start":{"line":23,"column":31},"end":{"line":27,"column":5}},"7":{"start":{"line":24,"column":6},"end":{"line":26,"column":7}},"8":{"start":{"line":25,"column":8},"end":{"line":25,"column":25}},"9":{"start":{"line":29,"column":4},"end":{"line":29,"column":63}},"10":{"start":{"line":30,"column":4},"end":{"line":32,"column":6}},"11":{"start":{"line":31,"column":6},"end":{"line":31,"column":68}},"12":{"start":{"line":35,"column":24},"end":{"line":36,"column":null}},"13":{"start":{"line":36,"column":4},"end":{"line":36,"column":62}},"14":{"start":{"line":39,"column":27},"end":{"line":53,"column":3}},"15":{"start":{"line":40,"column":23},"end":{"line":40,"column":54}},"16":{"start":{"line":43,"column":4},"end":{"line":50,"column":5}},"17":{"start":{"line":44,"column":6},"end":{"line":44,"column":66}},"18":{"start":{"line":44,"column":49},"end":{"line":44,"column":64}},"19":{"start":{"line":46,"column":6},"end":{"line":48,"column":7}},"20":{"start":{"line":47,"column":8},"end":{"line":47,"column":15}},"21":{"start":{"line":49,"column":6},"end":{"line":49,"column":49}},"22":{"start":{"line":52,"column":4},"end":{"line":52,"column":27}},"23":{"start":{"line":55,"column":21},"end":{"line":58,"column":3}},"24":{"start":{"line":56,"column":25},"end":{"line":56,"column":69}},"25":{"start":{"line":56,"column":53},"end":{"line":56,"column":68}},"26":{"start":{"line":57,"column":4},"end":{"line":57,"column":27}},"27":{"start":{"line":60,"column":25},"end":{"line":68,"column":3}},"28":{"start":{"line":61,"column":4},"end":{"line":63,"column":5}},"29":{"start":{"line":62,"column":6},"end":{"line":62,"column":40}},"30":{"start":{"line":64,"column":4},"end":{"line":66,"column":5}},"31":{"start":{"line":65,"column":6},"end":{"line":65,"column":61}},"32":{"start":{"line":67,"column":4},"end":{"line":67,"column":52}},"33":{"start":{"line":70,"column":2},"end":{"line":235,"column":4}},"34":{"start":{"line":74,"column":23},"end":{"line":74,"column":41}},"35":{"start":{"line":104,"column":12},"end":{"line":105,"column":null}},"36":{"start":{"line":120,"column":18},"end":{"line":120,"column":38}},"37":{"start":{"line":121,"column":18},"end":{"line":121,"column":38}},"38":{"start":{"line":163,"column":31},"end":{"line":163,"column":60}},"39":{"start":{"line":171,"column":30},"end":{"line":171,"column":49}},"40":{"start":{"line":178,"column":33},"end":{"line":178,"column":64}},"41":{"start":{"line":179,"column":33},"end":{"line":179,"column":85}},"42":{"start":{"line":181,"column":14},"end":{"line":218,"column":16}},"43":{"start":{"line":184,"column":33},"end":{"line":184,"column":73}},"44":{"start":{"line":196,"column":20},"end":{"line":198,"column":21}},"45":{"start":{"line":197,"column":22},"end":{"line":197,"column":97}},"46":{"start":{"line":201,"column":20},"end":{"line":201,"column":93}},"47":{"start":{"line":238,"column":0},"end":{"line":238,"column":27}}},"fnMap":{"0":{"name":"(anonymous_0)","decl":{"start":{"line":11,"column":48},"end":{"line":11,"column":49}},"loc":{"start":{"line":16,"column":5},"end":{"line":236,"column":1}}},"1":{"name":"(anonymous_1)","decl":{"start":{"line":22,"column":12},"end":{"line":22,"column":15}},"loc":{"start":{"line":22,"column":17},"end":{"line":33,"column":3}}},"2":{"name":"(anonymous_2)","decl":{"start":{"line":23,"column":31},"end":{"line":23,"column":32}},"loc":{"start":{"line":23,"column":53},"end":{"line":27,"column":5}}},"3":{"name":"(anonymous_3)","decl":{"start":{"line":30,"column":11},"end":{"line":30,"column":14}},"loc":{"start":{"line":30,"column":16},"end":{"line":32,"column":5}}},"4":{"name":"(anonymous_4)","decl":{"start":{"line":35,"column":53},"end":{"line":35,"column":54}},"loc":{"start":{"line":36,"column":4},"end":{"line":36,"column":62}}},"5":{"name":"(anonymous_5)","decl":{"start":{"line":39,"column":27},"end":{"line":39,"column":28}},"loc":{"start":{"line":39,"column":47},"end":{"line":53,"column":3}}},"6":{"name":"(anonymous_6)","decl":{"start":{"line":44,"column":42},"end":{"line":44,"column":45}},"loc":{"start":{"line":44,"column":49},"end":{"line":44,"column":64}}},"7":{"name":"(anonymous_7)","decl":{"start":{"line":55,"column":21},"end":{"line":55,"column":22}},"loc":{"start":{"line":55,"column":41},"end":{"line":58,"column":3}}},"8":{"name":"(anonymous_8)","decl":{"start":{"line":56,"column":46},"end":{"line":56,"column":49}},"loc":{"start":{"line":56,"column":53},"end":{"line":56,"column":68}}},"9":{"name":"(anonymous_9)","decl":{"start":{"line":60,"column":25},"end":{"line":60,"column":28}},"loc":{"start":{"line":60,"column":30},"end":{"line":68,"column":3}}},"10":{"name":"(anonymous_10)","decl":{"start":{"line":74,"column":17},"end":{"line":74,"column":20}},"loc":{"start":{"line":74,"column":23},"end":{"line":74,"column":41}}},"11":{"name":"(anonymous_11)","decl":{"start":{"line":103,"column":29},"end":{"line":103,"column":36}},"loc":{"start":{"line":104,"column":12},"end":{"line":105,"column":null}}},"12":{"name":"(anonymous_12)","decl":{"start":{"line":119,"column":25},"end":{"line":119,"column":26}},"loc":{"start":{"line":119,"column":31},"end":{"line":122,"column":17}}},"13":{"name":"(anonymous_13)","decl":{"start":{"line":163,"column":24},"end":{"line":163,"column":25}},"loc":{"start":{"line":163,"column":31},"end":{"line":163,"column":60}}},"14":{"name":"(anonymous_14)","decl":{"start":{"line":171,"column":23},"end":{"line":171,"column":24}},"loc":{"start":{"line":171,"column":30},"end":{"line":171,"column":49}}},"15":{"name":"(anonymous_15)","decl":{"start":{"line":177,"column":31},"end":{"line":177,"column":32}},"loc":{"start":{"line":177,"column":51},"end":{"line":219,"column":13}}},"16":{"name":"(anonymous_16)","decl":{"start":{"line":184,"column":27},"end":{"line":184,"column":30}},"loc":{"start":{"line":184,"column":33},"end":{"line":184,"column":73}}},"17":{"name":"(anonymous_17)","decl":{"start":{"line":195,"column":32},"end":{"line":195,"column":33}},"loc":{"start":{"line":195,"column":38},"end":{"line":199,"column":19}}},"18":{"name":"(anonymous_18)","decl":{"start":{"line":200,"column":32},"end":{"line":200,"column":33}},"loc":{"start":{"line":200,"column":38},"end":{"line":202,"column":19}}}},"branchMap":{"0":{"loc":{"start":{"line":15,"column":2},"end":{"line":15,"column":20}},"type":"default-arg","locations":[{"start":{"line":15,"column":18},"end":{"line":15,"column":20}}]},"1":{"loc":{"start":{"line":24,"column":6},"end":{"line":26,"column":7}},"type":"if","locations":[{"start":{"line":24,"column":6},"end":{"line":26,"column":7}},{"start":{},"end":{}}]},"2":{"loc":{"start":{"line":24,"column":10},"end":{"line":24,"column":86}},"type":"binary-expr","locations":[{"start":{"line":24,"column":10},"end":{"line":24,"column":30}},{"start":{"line":24,"column":34},"end":{"line":24,"column":86}}]},"3":{"loc":{"start":{"line":43,"column":4},"end":{"line":50,"column":5}},"type":"if","locations":[{"start":{"line":43,"column":4},"end":{"line":50,"column":5}},{"start":{"line":45,"column":11},"end":{"line":50,"column":5}}]},"4":{"loc":{"start":{"line":46,"column":6},"end":{"line":48,"column":7}},"type":"if","locations":[{"start":{"line":46,"column":6},"end":{"line":48,"column":7}},{"start":{},"end":{}}]},"5":{"loc":{"start":{"line":61,"column":4},"end":{"line":63,"column":5}},"type":"if","locations":[{"start":{"line":61,"column":4},"end":{"line":63,"column":5}},{"start":{},"end":{}}]},"6":{"loc":{"start":{"line":64,"column":4},"end":{"line":66,"column":5}},"type":"if","locations":[{"start":{"line":64,"column":4},"end":{"line":66,"column":5}},{"start":{},"end":{}}]},"7":{"loc":{"start":{"line":65,"column":13},"end":{"line":65,"column":60}},"type":"binary-expr","locations":[{"start":{"line":65,"column":13},"end":{"line":65,"column":42}},{"start":{"line":65,"column":46},"end":{"line":65,"column":60}}]},"8":{"loc":{"start":{"line":87,"column":30},"end":{"line":87,"column":80}},"type":"cond-expr","locations":[{"start":{"line":87,"column":59},"end":{"line":87,"column":68}},{"start":{"line":87,"column":71},"end":{"line":87,"column":80}}]},"9":{"loc":{"start":{"line":91,"column":11},"end":{"line":91,"column":29}},"type":"cond-expr","locations":[{"start":{"line":91,"column":20},"end":{"line":91,"column":23}},{"start":{"line":91,"column":26},"end":{"line":91,"column":29}}]},"10":{"loc":{"start":{"line":96,"column":7},"end":{"line":137,"column":null}},"type":"binary-expr","locations":[{"start":{"line":96,"column":7},"end":{"line":96,"column":31}},{"start":{"line":97,"column":8},"end":{"line":136,"column":null}}]},"11":{"loc":{"start":{"line":141,"column":7},"end":{"line":232,"column":null}},"type":"binary-expr","locations":[{"start":{"line":141,"column":7},"end":{"line":141,"column":13}},{"start":{"line":142,"column":8},"end":{"line":231,"column":null}}]},"12":{"loc":{"start":{"line":179,"column":33},"end":{"line":179,"column":85}},"type":"binary-expr","locations":[{"start":{"line":179,"column":33},"end":{"line":179,"column":44}},{"start":{"line":179,"column":48},"end":{"line":179,"column":85}}]},"13":{"loc":{"start":{"line":184,"column":33},"end":{"line":184,"column":73}},"type":"binary-expr","locations":[{"start":{"line":184,"column":33},"end":{"line":184,"column":44}},{"start":{"line":184,"column":48},"end":{"line":184,"column":73}}]},"14":{"loc":{"start":{"line":187,"column":28},"end":{"line":187,"column":66}},"type":"cond-expr","locations":[{"start":{"line":187,"column":41},"end":{"line":187,"column":54}},{"start":{"line":187,"column":57},"end":{"line":187,"column":66}}]},"15":{"loc":{"start":{"line":188,"column":37},"end":{"line":188,"column":69}},"type":"cond-expr","locations":[{"start":{"line":188,"column":50},"end":{"line":188,"column":59}},{"start":{"line":188,"column":62},"end":{"line":188,"column":69}}]},"16":{"loc":{"start":{"line":189,"column":27},"end":{"line":189,"column":61}},"type":"cond-expr","locations":[{"start":{"line":189,"column":40},"end":{"line":189,"column":49}},{"start":{"line":189,"column":52},"end":{"line":189,"column":61}}]},"17":{"loc":{"start":{"line":196,"column":20},"end":{"line":198,"column":21}},"type":"if","locations":[{"start":{"line":196,"column":20},"end":{"line":198,"column":21}},{"start":{},"end":{}}]},"18":{"loc":{"start":{"line":197,"column":62},"end":{"line":197,"column":96}},"type":"cond-expr","locations":[{"start":{"line":197,"column":75},"end":{"line":197,"column":84}},{"start":{"line":197,"column":87},"end":{"line":197,"column":96}}]},"19":{"loc":{"start":{"line":201,"column":60},"end":{"line":201,"column":92}},"type":"cond-expr","locations":[{"start":{"line":201,"column":73},"end":{"line":201,"column":82}},{"start":{"line":201,"column":85},"end":{"line":201,"column":92}}]},"20":{"loc":{"start":{"line":212,"column":19},"end":{"line":215,"column":null}},"type":"binary-expr","locations":[{"start":{"line":212,"column":19},"end":{"line":212,"column":29}},{"start":{"line":213,"column":20},"end":{"line":213,"column":null}}]}},"s":{"0":2,"1":2,"2":119,"3":119,"4":119,"5":119,"6":40,"7":5,"8":1,"9":40,"10":40,"11":40,"12":119,"13":677,"14":119,"15":5,"16":5,"17":1,"18":1,"19":4,"20":0,"21":4,"22":5,"23":119,"24":2,"25":3,"26":2,"27":119,"28":119,"29":54,"30":65,"31":6,"32":59,"33":119,"34":23,"35":133,"36":2,"37":2,"38":23,"39":4,"40":198,"41":198,"42":198,"43":6,"44":0,"45":0,"46":0,"47":2},"f":{"0":119,"1":40,"2":5,"3":40,"4":677,"5":5,"6":1,"7":2,"8":3,"9":119,"10":23,"11":133,"12":2,"13":23,"14":4,"15":198,"16":6,"17":0,"18":0},"b":{"0":[0],"1":[1,4],"2":[5,5],"3":[1,4],"4":[0,4],"5":[54,65],"6":[6,59],"7":[6,1],"8":[54,65],"9":[54,65],"10":[119,65],"11":[119,54],"12":[198,154],"13":[6,5],"14":[9,189],"15":[44,154],"16":[9,189],"17":[0,0],"18":[0,0],"19":[0,0],"20":[198,9]}}
,"/home/runner/work/climbing-weather-ts/climbing-weather-ts/src/utils/testUtils.ts": {"path":"/home/runner/work/climbing-weather-ts/climbing-weather-ts/src/utils/testUtils.ts","statementMap":{"0":{"start":{"line":2,"column":38},"end":{"line":8,"column":2}},"1":{"start":{"line":2,"column":59},"end":{"line":8,"column":2}},"2":{"start":{"line":2,"column":13},"end":{"line":2,"column":38}},"3":{"start":{"line":10,"column":40},"end":{"line":32,"column":2}},"4":{"start":{"line":10,"column":61},"end":{"line":32,"column":2}},"5":{"start":{"line":10,"column":13},"end":{"line":10,"column":40}},"6":{"start":{"line":34,"column":38},"end":{"line":51,"column":2}},"7":{"start":{"line":34,"column":59},"end":{"line":51,"column":2}},"8":{"start":{"line":34,"column":13},"end":{"line":34,"column":38}},"9":{"start":{"line":53,"column":37},"end":{"line":57,"column":2}},"10":{"start":{"line":53,"column":58},"end":{"line":57,"column":2}},"11":{"start":{"line":53,"column":13},"end":{"line":53,"column":37}},"12":{"start":{"line":59,"column":42},"end":{"line":66,"column":2}},"13":{"start":{"line":59,"column":63},"end":{"line":66,"column":2}},"14":{"start":{"line":59,"column":13},"end":{"line":59,"column":42}},"15":{"start":{"line":69,"column":24},"end":{"line":73,"column":1}},"16":{"start":{"line":70,"column":17},"end":{"line":70,"column":31}},"17":{"start":{"line":71,"column":2},"end":{"line":71,"column":45}},"18":{"start":{"line":72,"column":2},"end":{"line":72,"column":16}},"19":{"start":{"line":69,"column":13},"end":{"line":69,"column":24}},"20":{"start":{"line":75,"column":23},"end":{"line":79,"column":1}},"21":{"start":{"line":76,"column":17},"end":{"line":76,"column":31}},"22":{"start":{"line":77,"column":2},"end":{"line":77,"column":42}},"23":{"start":{"line":78,"column":2},"end":{"line":78,"column":16}},"24":{"start":{"line":75,"column":13},"end":{"line":75,"column":23}},"25":{"start":{"line":82,"column":34},"end":{"line":84,"column":1}},"26":{"start":{"line":83,"column":2},"end":{"line":83,"column":36}},"27":{"start":{"line":82,"column":13},"end":{"line":82,"column":34}},"28":{"start":{"line":86,"column":31},"end":{"line":89,"column":1}},"29":{"start":{"line":87,"column":2},"end":{"line":87,"column":37}},"30":{"start":{"line":87,"column":25},"end":{"line":87,"column":37}},"31":{"start":{"line":88,"column":2},"end":{"line":88,"column":42}},"32":{"start":{"line":86,"column":13},"end":{"line":86,"column":31}},"33":{"start":{"line":91,"column":36},"end":{"line":94,"column":1}},"34":{"start":{"line":92,"column":2},"end":{"line":92,"column":42}},"35":{"start":{"line":92,"column":30},"end":{"line":92,"column":42}},"36":{"start":{"line":93,"column":2},"end":{"line":93,"column":52}},"37":{"start":{"line":91,"column":13},"end":{"line":91,"column":36}},"38":{"start":{"line":96,"column":36},"end":{"line":99,"column":1}},"39":{"start":{"line":97,"column":26},"end":{"line":97,"column":70}},"40":{"start":{"line":98,"column":2},"end":{"line":98,"column":45}},"41":{"start":{"line":96,"column":13},"end":{"line":96,"column":36}},"42":{"start":{"line":101,"column":27},"end":{"line":104,"column":1}},"43":{"start":{"line":102,"column":15},"end":{"line":102,"column":35}},"44":{"start":{"line":103,"column":2},"end":{"line":103,"column":32}},"45":{"start":{"line":101,"column":13},"end":{"line":101,"column":27}},"46":{"start":{"line":107,"column":43},"end":{"line":121,"column":1}},"47":{"start":{"line":108,"column":2},"end":{"line":120,"column":5}},"48":{"start":{"line":109,"column":22},"end":{"line":109,"column":33}},"49":{"start":{"line":110,"column":17},"end":{"line":110,"column":44}},"50":{"start":{"line":112,"column":4},"end":{"line":119,"column":7}},"51":{"start":{"line":107,"column":13},"end":{"line":107,"column":43}},"52":{"start":{"line":123,"column":41},"end":{"line":133,"column":1}},"53":{"start":{"line":124,"column":2},"end":{"line":132,"column":5}},"54":{"start":{"line":125,"column":17},"end":{"line":125,"column":39}},"55":{"start":{"line":127,"column":4},"end":{"line":131,"column":7}},"56":{"start":{"line":123,"column":13},"end":{"line":123,"column":41}}},"fnMap":{"0":{"name":"(anonymous_0)","decl":{"start":{"line":2,"column":38},"end":{"line":2,"column":39}},"loc":{"start":{"line":2,"column":59},"end":{"line":8,"column":2}}},"1":{"name":"(anonymous_1)","decl":{"start":{"line":10,"column":40},"end":{"line":10,"column":41}},"loc":{"start":{"line":10,"column":61},"end":{"line":32,"column":2}}},"2":{"name":"(anonymous_2)","decl":{"start":{"line":34,"column":38},"end":{"line":34,"column":39}},"loc":{"start":{"line":34,"column":59},"end":{"line":51,"column":2}}},"3":{"name":"(anonymous_3)","decl":{"start":{"line":53,"column":37},"end":{"line":53,"column":38}},"loc":{"start":{"line":53,"column":58},"end":{"line":57,"column":2}}},"4":{"name":"(anonymous_4)","decl":{"start":{"line":59,"column":42},"end":{"line":59,"column":43}},"loc":{"start":{"line":59,"column":63},"end":{"line":66,"column":2}}},"5":{"name":"(anonymous_5)","decl":{"start":{"line":69,"column":24},"end":{"line":69,"column":25}},"loc":{"start":{"line":69,"column":60},"end":{"line":73,"column":1}}},"6":{"name":"(anonymous_6)","decl":{"start":{"line":75,"column":23},"end":{"line":75,"column":24}},"loc":{"start":{"line":75,"column":58},"end":{"line":79,"column":1}}},"7":{"name":"(anonymous_7)","decl":{"start":{"line":82,"column":34},"end":{"line":82,"column":35}},"loc":{"start":{"line":82,"column":60},"end":{"line":84,"column":1}}},"8":{"name":"(anonymous_8)","decl":{"start":{"line":86,"column":31},"end":{"line":86,"column":32}},"loc":{"start":{"line":86,"column":68},"end":{"line":89,"column":1}}},"9":{"name":"(anonymous_9)","decl":{"start":{"line":91,"column":36},"end":{"line":91,"column":37}},"loc":{"start":{"line":91,"column":78},"end":{"line":94,"column":1}}},"10":{"name":"(anonymous_10)","decl":{"start":{"line":96,"column":36},"end":{"line":96,"column":37}},"loc":{"start":{"line":96,"column":67},"end":{"line":99,"column":1}}},"11":{"name":"(anonymous_11)","decl":{"start":{"line":101,"column":27},"end":{"line":101,"column":28}},"loc":{"start":{"line":101,"column":59},"end":{"line":104,"column":1}}},"12":{"name":"(anonymous_12)","decl":{"start":{"line":107,"column":43},"end":{"line":107,"column":44}},"loc":{"start":{"line":107,"column":85},"end":{"line":121,"column":1}}},"13":{"name":"(anonymous_13)","decl":{"start":{"line":108,"column":39},"end":{"line":108,"column":40}},"loc":{"start":{"line":108,"column":48},"end":{"line":120,"column":3}}},"14":{"name":"(anonymous_14)","decl":{"start":{"line":123,"column":41},"end":{"line":123,"column":42}},"loc":{"start":{"line":123,"column":83},"end":{"line":133,"column":1}}},"15":{"name":"(anonymous_15)","decl":{"start":{"line":124,"column":39},"end":{"line":124,"column":40}},"loc":{"start":{"line":124,"column":48},"end":{"line":132,"column":3}}}},"branchMap":{"0":{"loc":{"start":{"line":2,"column":39},"end":{"line":2,"column":53}},"type":"default-arg","locations":[{"start":{"line":2,"column":51},"end":{"line":2,"column":53}}]},"1":{"loc":{"start":{"line":10,"column":41},"end":{"line":10,"column":55}},"type":"default-arg","locations":[{"start":{"line":10,"column":53},"end":{"line":10,"column":55}}]},"2":{"loc":{"start":{"line":34,"column":39},"end":{"line":34,"column":53}},"type":"default-arg","locations":[{"start":{"line":34,"column":51},"end":{"line":34,"column":53}}]},"3":{"loc":{"start":{"line":59,"column":43},"end":{"line":59,"column":57}},"type":"default-arg","locations":[{"start":{"line":59,"column":55},"end":{"line":59,"column":57}}]},"4":{"loc":{"start":{"line":83,"column":9},"end":{"line":83,"column":35}},"type":"binary-expr","locations":[{"start":{"line":83,"column":9},"end":{"line":83,"column":20}},{"start":{"line":83,"column":24},"end":{"line":83,"column":35}}]},"5":{"loc":{"start":{"line":87,"column":2},"end":{"line":87,"column":37}},"type":"if","locations":[{"start":{"line":87,"column":2},"end":{"line":87,"column":37}},{"start":{},"end":{}}]},"6":{"loc":{"start":{"line":88,"column":9},"end":{"line":88,"column":41}},"type":"binary-expr","locations":[{"start":{"line":88,"column":9},"end":{"line":88,"column":22}},{"start":{"line":88,"column":26},"end":{"line":88,"column":41}}]},"7":{"loc":{"start":{"line":92,"column":2},"end":{"line":92,"column":42}},"type":"if","locations":[{"start":{"line":92,"column":2},"end":{"line":92,"column":42}},{"start":{},"end":{}}]},"8":{"loc":{"start":{"line":93,"column":9},"end":{"line":93,"column":51}},"type":"binary-expr","locations":[{"start":{"line":93,"column":9},"end":{"line":93,"column":27}},{"start":{"line":93,"column":31},"end":{"line":93,"column":51}}]},"9":{"loc":{"start":{"line":107,"column":59},"end":{"line":107,"column":81}},"type":"default-arg","locations":[{"start":{"line":107,"column":71},"end":{"line":107,"column":81}}]},"10":{"loc":{"start":{"line":114,"column":12},"end":{"line":114,"column":89}},"type":"cond-expr","locations":[{"start":{"line":114,"column":24},"end":{"line":114,"column":54}},{"start":{"line":114,"column":57},"end":{"line":114,"column":89}}]},"11":{"loc":{"start":{"line":118,"column":19},"end":{"line":118,"column":80}},"type":"cond-expr","locations":[{"start":{"line":118,"column":31},"end":{"line":118,"column":54}},{"start":{"line":118,"column":57},"end":{"line":118,"column":80}}]},"12":{"loc":{"start":{"line":123,"column":57},"end":{"line":123,"column":79}},"type":"default-arg","locations":[{"start":{"line":123,"column":69},"end":{"line":123,"column":79}}]}},"s":{"0":1,"1":2,"2":1,"3":1,"4":28,"5":1,"6":1,"7":57,"8":1,"9":1,"10":1,"11":1,"12":1,"13":1,"14":1,"15":1,"16":165,"17":165,"18":165,"19":1,"20":1,"21":2,"22":2,"23":2,"24":1,"25":1,"26":43,"27":1,"28":1,"29":6,"30":1,"31":5,"32":1,"33":1,"34":6,"35":1,"36":5,"37":1,"38":1,"39":12,"40":12,"41":1,"42":1,"43":21,"44":21,"45":1,"46":1,"47":5,"48":25,"49":25,"50":25,"51":1,"52":1,"53":4,"54":56,"55":56,"56":1},"f":{"0":2,"1":28,"2":57,"3":1,"4":1,"5":165,"6":2,"7":43,"8":6,"9":6,"10":12,"11":21,"12":5,"13":25,"14":4,"15":56},"b":{"0":[1],"1":[3],"2":[1],"3":[1],"4":[43,41],"5":[1,5],"6":[5,4],"7":[1,5],"8":[5,4],"9":[5],"10":[13,12],"11":[13,12],"12":[3]}}
,"/home/runner/work/climbing-weather-ts/climbing-weather-ts/src/weatherData/mockData.ts": {"path":"/home/runner/work/climbing-weather-ts/climbing-weather-ts/src/weatherData/mockData.ts","statementMap":{"0":{"start":{"line":2,"column":13},"end":{"line":35,"column":2}},"1":{"start":{"line":5,"column":24},"end":{"line":5,"column":34}},"2":{"start":{"line":6,"column":6},"end":{"line":6,"column":51}},"3":{"start":{"line":7,"column":22},"end":{"line":7,"column":41}},"4":{"start":{"line":8,"column":6},"end":{"line":8,"column":47}},"5":{"start":{"line":11,"column":19},"end":{"line":11,"column":39}},"6":{"start":{"line":12,"column":23},"end":{"line":12,"column":25}},"7":{"start":{"line":13,"column":24},"end":{"line":13,"column":64}},"8":{"start":{"line":14,"column":26},"end":{"line":14,"column":58}},"9":{"start":{"line":16,"column":6},"end":{"line":32,"column":8}},"10":{"start":{"line":37,"column":13},"end":{"line":73,"column":2}},"11":{"start":{"line":40,"column":24},"end":{"line":40,"column":34}},"12":{"start":{"line":41,"column":6},"end":{"line":41,"column":65}},"13":{"start":{"line":43,"column":24},"end":{"line":43,"column":35}},"14":{"start":{"line":44,"column":24},"end":{"line":44,"column":82}},"15":{"start":{"line":46,"column":6},"end":{"line":70,"column":8}}},"fnMap":{"0":{"name":"(anonymous_0)","decl":{"start":{"line":4,"column":40},"end":{"line":4,"column":41}},"loc":{"start":{"line":4,"column":49},"end":{"line":33,"column":5}}},"1":{"name":"(anonymous_1)","decl":{"start":{"line":39,"column":40},"end":{"line":39,"column":41}},"loc":{"start":{"line":39,"column":49},"end":{"line":71,"column":5}}}},"branchMap":{"0":{"loc":{"start":{"line":26,"column":17},"end":{"line":26,"column":76}},"type":"cond-expr","locations":[{"start":{"line":26,"column":39},"end":{"line":26,"column":69}},{"start":{"line":26,"column":72},"end":{"line":26,"column":76}}]},"1":{"loc":{"start":{"line":48,"column":14},"end":{"line":48,"column":58}},"type":"cond-expr","locations":[{"start":{"line":48,"column":26},"end":{"line":48,"column":35}},{"start":{"line":48,"column":38},"end":{"line":48,"column":58}}]},"2":{"loc":{"start":{"line":52,"column":21},"end":{"line":52,"column":106}},"type":"cond-expr","locations":[{"start":{"line":52,"column":33},"end":{"line":52,"column":68}},{"start":{"line":52,"column":71},"end":{"line":52,"column":106}}]},"3":{"loc":{"start":{"line":61,"column":48},"end":{"line":61,"column":133}},"type":"cond-expr","locations":[{"start":{"line":61,"column":60},"end":{"line":61,"column":95}},{"start":{"line":61,"column":98},"end":{"line":61,"column":133}}]},"4":{"loc":{"start":{"line":64,"column":17},"end":{"line":64,"column":76}},"type":"cond-expr","locations":[{"start":{"line":64,"column":39},"end":{"line":64,"column":69}},{"start":{"line":64,"column":72},"end":{"line":64,"column":76}}]}},"s":{"0":2,"1":96,"2":96,"3":96,"4":96,"5":96,"6":96,"7":96,"8":96,"9":96,"10":2,"11":28,"12":28,"13":28,"14":28,"15":28},"f":{"0":96,"1":28},"b":{"0":[42,54],"1":[14,14],"2":[14,14],"3":[14,14],"4":[12,16]}}
,"/home/runner/work/climbing-weather-ts/climbing-weather-ts/src/weatherData/weatherApi.ts": {"path":"/home/runner/work/climbing-weather-ts/climbing-weather-ts/src/weatherData/weatherApi.ts","statementMap":{"0":{"start":{"line":79,"column":0},"end":{"line":79,"column":7}},"1":{"start":{"line":91,"column":0},"end":{"line":91,"column":7}},"2":{"start":{"line":99,"column":0},"end":{"line":99,"column":7}},"3":{"start":{"line":107,"column":0},"end":{"line":107,"column":7}},"4":{"start":{"line":77,"column":23},"end":{"line":77,"column":56}},"5":{"start":{"line":83,"column":24},"end":{"line":83,"column":67}},"6":{"start":{"line":84,"column":29},"end":{"line":84,"column":53}},"7":{"start":{"line":85,"column":4},"end":{"line":87,"column":5}},"8":{"start":{"line":86,"column":8},"end":{"line":86,"column":117}},"9":{"start":{"line":88,"column":4},"end":{"line":88,"column":35}},"10":{"start":{"line":92,"column":29},"end":{"line":92,"column":74}},"11":{"start":{"line":93,"column":4},"end":{"line":95,"column":5}},"12":{"start":{"line":94,"column":8},"end":{"line":94,"column":91}},"13":{"start":{"line":96,"column":4},"end":{"line":96,"column":35}},"14":{"start":{"line":100,"column":29},"end":{"line":100,"column":80}},"15":{"start":{"line":101,"column":4},"end":{"line":103,"column":5}},"16":{"start":{"line":102,"column":8},"end":{"line":102,"column":90}},"17":{"start":{"line":104,"column":4},"end":{"line":104,"column":35}},"18":{"start":{"line":108,"column":25},"end":{"line":108,"column":80}},"19":{"start":{"line":110,"column":4},"end":{"line":114,"column":5}},"20":{"start":{"line":111,"column":8},"end":{"line":111,"column":53}},"21":{"start":{"line":113,"column":8},"end":{"line":113,"column":53}}},"fnMap":{"0":{"name":"makeWeatherApiCall","decl":{"start":{"line":79,"column":22},"end":{"line":79,"column":40}},"loc":{"start":{"line":81,"column":21},"end":{"line":89,"column":1}}},"1":{"name":"get12HourForecast","decl":{"start":{"line":91,"column":22},"end":{"line":91,"column":39}},"loc":{"start":{"line":91,"column":80},"end":{"line":97,"column":1}}},"2":{"name":"getHourlyForecast","decl":{"start":{"line":99,"column":22},"end":{"line":99,"column":39}},"loc":{"start":{"line":99,"column":80},"end":{"line":105,"column":1}}},"3":{"name":"getWeatherForArea","decl":{"start":{"line":107,"column":22},"end":{"line":107,"column":39}},"loc":{"start":{"line":107,"column":104},"end":{"line":115,"column":1}}}},"branchMap":{"0":{"loc":{"start":{"line":85,"column":4},"end":{"line":87,"column":5}},"type":"if","locations":[{"start":{"line":85,"column":4},"end":{"line":87,"column":5}},{"start":{},"end":{}}]},"1":{"loc":{"start":{"line":93,"column":4},"end":{"line":95,"column":5}},"type":"if","locations":[{"start":{"line":93,"column":4},"end":{"line":95,"column":5}},{"start":{},"end":{}}]},"2":{"loc":{"start":{"line":101,"column":4},"end":{"line":103,"column":5}},"type":"if","locations":[{"start":{"line":101,"column":4},"end":{"line":103,"column":5}},{"start":{},"end":{}}]},"3":{"loc":{"start":{"line":107,"column":60},"end":{"line":107,"column":104}},"type":"default-arg","locations":[{"start":{"line":107,"column":96},"end":{"line":107,"column":104}}]},"4":{"loc":{"start":{"line":110,"column":4},"end":{"line":114,"column":5}},"type":"if","locations":[{"start":{"line":110,"column":4},"end":{"line":114,"column":5}},{"start":{"line":112,"column":11},"end":{"line":114,"column":5}}]}},"s":{"0":2,"1":2,"2":2,"3":2,"4":2,"5":6,"6":6,"7":5,"8":2,"9":3,"10":3,"11":3,"12":1,"13":2,"14":3,"15":3,"16":1,"17":2,"18":3,"19":2,"20":1,"21":1},"f":{"0":6,"1":3,"2":3,"3":3},"b":{"0":[2,3],"1":[1,2],"2":[1,2],"3":[2],"4":[1,1]}}
}
