TN:
SF:src/App.tsx
FN:17,App
FN:26,(anonymous_2)
FN:68,(anonymous_3)
FN:72,(anonymous_4)
FN:86,(anonymous_5)
FN:91,(anonymous_6)
FN:123,(anonymous_7)
FN:129,(anonymous_8)
FNF:8
FNH:7
FNDA:44,App
FNDA:16,(anonymous_2)
FNDA:16,(anonymous_3)
FNDA:43,(anonymous_4)
FNDA:12,(anonymous_5)
FNDA:24,(anonymous_6)
FNDA:0,(anonymous_7)
FNDA:3,(anonymous_8)
DA:1,1
DA:2,1
DA:3,1
DA:4,1
DA:5,1
DA:6,1
DA:7,1
DA:18,44
DA:19,43
DA:20,43
DA:21,43
DA:22,43
DA:24,43
DA:26,43
DA:27,16
DA:29,16
DA:30,16
DA:32,16
DA:33,16
DA:35,16
DA:36,35
DA:37,35
DA:38,35
DA:39,35
DA:40,34
DA:46,1
DA:48,1
DA:49,1
DA:58,16
DA:59,16
DA:61,0
DA:62,0
DA:64,16
DA:68,43
DA:69,16
DA:72,43
DA:73,43
DA:74,16
DA:77,27
DA:78,0
DA:81,27
DA:82,11
DA:85,16
DA:86,12
DA:91,24
DA:98,43
DA:123,0
DA:129,3
DA:146,1
LF:49
LH:45
BRDA:27,0,0,0
BRDA:27,0,1,16
BRDA:37,1,0,35
BRDA:37,1,1,0
BRDA:48,2,0,0
BRDA:48,2,1,1
BRDA:73,3,0,16
BRDA:73,3,1,27
BRDA:77,4,0,0
BRDA:77,4,1,27
BRDA:81,5,0,11
BRDA:81,5,1,16
BRDA:85,6,0,5
BRDA:85,6,1,11
BRDA:122,7,0,35
BRDA:122,7,1,8
BRDA:128,8,0,8
BRDA:128,8,1,35
BRF:18
BRH:14
end_of_record
TN:
SF:src/components/ForecastTable.tsx
FN:11,(anonymous_0)
FN:56,(anonymous_1)
FN:64,(anonymous_2)
FN:65,(anonymous_3)
FN:68,(anonymous_4)
FN:69,(anonymous_5)
FN:94,(anonymous_6)
FN:105,(anonymous_7)
FNF:8
FNH:8
FNDA:37,(anonymous_0)
FNDA:37,(anonymous_1)
FNDA:13,(anonymous_2)
FNDA:13,(anonymous_3)
FNDA:37,(anonymous_4)
FNDA:37,(anonymous_5)
FNDA:13,(anonymous_6)
FNDA:37,(anonymous_7)
DA:11,1
DA:12,37
DA:15,37
DA:16,37
DA:20,0
DA:21,0
DA:25,0
DA:26,0
DA:30,0
DA:31,0
DA:32,0
DA:34,0
DA:38,0
DA:39,0
DA:43,0
DA:44,0
DA:48,0
DA:49,0
DA:53,0
DA:56,1
DA:57,37
DA:64,1
DA:65,13
DA:66,13
DA:68,13
DA:69,37
DA:70,37
DA:71,37
DA:72,37
DA:73,37
DA:75,37
DA:76,0
DA:77,37
DA:78,0
DA:80,37
DA:84,37
DA:92,13
DA:95,13
DA:97,13
DA:106,37
DA:144,1
LF:41
LH:24
BRDA:15,0,0,37
BRDA:15,0,1,0
BRDA:15,1,0,37
BRDA:15,1,1,11
BRDA:20,2,0,0
BRDA:20,2,1,0
BRDA:20,3,0,0
BRDA:20,3,1,0
BRDA:25,4,0,0
BRDA:25,4,1,0
BRDA:25,5,0,0
BRDA:25,5,1,0
BRDA:25,5,2,0
BRDA:30,6,0,0
BRDA:30,6,1,0
BRDA:30,7,0,0
BRDA:30,7,1,0
BRDA:31,8,0,0
BRDA:31,8,1,0
BRDA:31,9,0,0
BRDA:31,9,1,0
BRDA:38,10,0,0
BRDA:38,10,1,0
BRDA:38,11,0,0
BRDA:38,11,1,0
BRDA:43,12,0,0
BRDA:43,12,1,0
BRDA:43,13,0,0
BRDA:43,13,1,0
BRDA:48,14,0,0
BRDA:48,14,1,0
BRDA:58,15,0,19
BRDA:58,15,1,18
BRDA:75,16,0,0
BRDA:75,16,1,37
BRDA:76,17,0,0
BRDA:76,17,1,0
BRDA:77,18,0,0
BRDA:77,18,1,37
BRDA:78,19,0,0
BRDA:78,19,1,0
BRDA:87,20,0,37
BRDA:87,20,1,26
BRDA:98,21,0,0
BRDA:98,21,1,13
BRDA:120,22,0,11
BRDA:120,22,1,26
BRDA:120,23,0,37
BRDA:120,23,1,11
BRF:49
BRH:14
end_of_record
TN:
SF:src/components/HourlyChart.tsx
FN:13,(anonymous_0)
FN:17,(anonymous_1)
FN:56,(anonymous_2)
FN:57,(anonymous_3)
FN:76,(anonymous_4)
FN:89,(anonymous_5)
FN:98,(anonymous_6)
FN:219,(anonymous_7)
FN:230,(anonymous_8)
FN:239,(anonymous_9)
FNF:10
FNH:7
FNDA:5,(anonymous_0)
FNDA:5,(anonymous_1)
FNDA:6,(anonymous_2)
FNDA:288,(anonymous_3)
FNDA:0,(anonymous_4)
FNDA:0,(anonymous_5)
FNDA:6,(anonymous_6)
FNDA:0,(anonymous_7)
FNDA:40,(anonymous_8)
FNDA:6,(anonymous_9)
DA:1,1
DA:2,1
DA:13,1
DA:14,5
DA:17,5
DA:18,5
DA:19,5
DA:21,5
DA:22,40
DA:23,40
DA:26,40
DA:27,5
DA:28,35
DA:29,15
DA:31,20
DA:32,20
DA:33,20
DA:34,5
DA:36,15
DA:40,40
DA:52,5
DA:56,5
DA:57,6
DA:58,288
DA:59,288
DA:76,5
DA:77,0
DA:78,0
DA:80,0
DA:81,0
DA:83,0
DA:84,0
DA:86,0
DA:89,5
DA:90,0
DA:91,0
DA:93,0
DA:96,5
DA:98,5
DA:99,6
DA:101,6
DA:209,5
DA:219,0
DA:231,40
DA:239,6
DA:248,1
LF:46
LH:35
BRDA:26,0,0,5
BRDA:26,0,1,35
BRDA:28,1,0,15
BRDA:28,1,1,20
BRDA:33,2,0,5
BRDA:33,2,1,15
BRDA:34,3,0,0
BRDA:34,3,1,5
BRDA:36,4,0,0
BRDA:36,4,1,15
BRDA:70,5,0,288
BRDA:70,5,1,0
BRDA:71,6,0,288
BRDA:71,6,1,228
BRDA:77,7,0,0
BRDA:77,7,1,0
BRDA:80,8,0,0
BRDA:80,8,1,0
BRDA:83,9,0,0
BRDA:83,9,1,0
BRDA:90,10,0,0
BRDA:90,10,1,0
BRDA:90,11,0,0
BRDA:90,11,1,0
BRDA:102,12,0,1
BRDA:102,12,1,5
BRF:26
BRH:13
end_of_record
TN:
SF:src/components/MultiSelect.tsx
FN:11,(anonymous_0)
FN:22,(anonymous_1)
FN:23,(anonymous_2)
FN:30,(anonymous_3)
FN:35,(anonymous_4)
FN:39,(anonymous_5)
FN:44,(anonymous_6)
FN:55,(anonymous_7)
FN:56,(anonymous_8)
FN:60,(anonymous_9)
FN:74,(anonymous_10)
FN:103,(anonymous_11)
FN:119,(anonymous_12)
FN:163,(anonymous_13)
FN:171,(anonymous_14)
FN:177,(anonymous_15)
FN:184,(anonymous_16)
FN:195,(anonymous_17)
FN:200,(anonymous_18)
FNF:19
FNH:17
FNDA:119,(anonymous_0)
FNDA:40,(anonymous_1)
FNDA:5,(anonymous_2)
FNDA:40,(anonymous_3)
FNDA:677,(anonymous_4)
FNDA:5,(anonymous_5)
FNDA:1,(anonymous_6)
FNDA:2,(anonymous_7)
FNDA:3,(anonymous_8)
FNDA:119,(anonymous_9)
FNDA:23,(anonymous_10)
FNDA:133,(anonymous_11)
FNDA:2,(anonymous_12)
FNDA:23,(anonymous_13)
FNDA:4,(anonymous_14)
FNDA:198,(anonymous_15)
FNDA:6,(anonymous_16)
FNDA:0,(anonymous_17)
FNDA:0,(anonymous_18)
DA:1,2
DA:11,2
DA:17,119
DA:18,119
DA:19,119
DA:22,119
DA:23,40
DA:24,5
DA:25,1
DA:29,40
DA:30,40
DA:31,40
DA:35,119
DA:36,677
DA:39,119
DA:40,5
DA:43,5
DA:44,1
DA:46,4
DA:47,0
DA:49,4
DA:52,5
DA:55,119
DA:56,3
DA:57,2
DA:60,119
DA:61,119
DA:62,54
DA:64,65
DA:65,6
DA:67,59
DA:70,119
DA:74,23
DA:104,133
DA:120,2
DA:121,2
DA:163,23
DA:171,4
DA:178,198
DA:179,198
DA:181,198
DA:184,6
DA:196,0
DA:197,0
DA:201,0
DA:238,2
LF:46
LH:42
BRDA:15,0,0,0
BRDA:24,1,0,1
BRDA:24,1,1,4
BRDA:24,2,0,5
BRDA:24,2,1,5
BRDA:43,3,0,1
BRDA:43,3,1,4
BRDA:46,4,0,0
BRDA:46,4,1,4
BRDA:61,5,0,54
BRDA:61,5,1,65
BRDA:64,6,0,6
BRDA:64,6,1,59
BRDA:65,7,0,6
BRDA:65,7,1,1
BRDA:87,8,0,54
BRDA:87,8,1,65
BRDA:91,9,0,54
BRDA:91,9,1,65
BRDA:96,10,0,119
BRDA:96,10,1,65
BRDA:141,11,0,119
BRDA:141,11,1,54
BRDA:179,12,0,198
BRDA:179,12,1,154
BRDA:184,13,0,6
BRDA:184,13,1,5
BRDA:187,14,0,9
BRDA:187,14,1,189
BRDA:188,15,0,44
BRDA:188,15,1,154
BRDA:189,16,0,9
BRDA:189,16,1,189
BRDA:196,17,0,0
BRDA:196,17,1,0
BRDA:197,18,0,0
BRDA:197,18,1,0
BRDA:201,19,0,0
BRDA:201,19,1,0
BRDA:212,20,0,198
BRDA:212,20,1,9
BRF:41
BRH:33
end_of_record
TN:
SF:src/utils/testUtils.ts
FN:2,(anonymous_0)
FN:10,(anonymous_1)
FN:34,(anonymous_2)
FN:53,(anonymous_3)
FN:59,(anonymous_4)
FN:69,(anonymous_5)
FN:75,(anonymous_6)
FN:82,(anonymous_7)
FN:86,(anonymous_8)
FN:91,(anonymous_9)
FN:96,(anonymous_10)
FN:101,(anonymous_11)
FN:107,(anonymous_12)
FN:108,(anonymous_13)
FN:123,(anonymous_14)
FN:124,(anonymous_15)
FNF:16
FNH:16
FNDA:2,(anonymous_0)
FNDA:28,(anonymous_1)
FNDA:57,(anonymous_2)
FNDA:1,(anonymous_3)
FNDA:1,(anonymous_4)
FNDA:165,(anonymous_5)
FNDA:2,(anonymous_6)
FNDA:43,(anonymous_7)
FNDA:6,(anonymous_8)
FNDA:6,(anonymous_9)
FNDA:12,(anonymous_10)
FNDA:21,(anonymous_11)
FNDA:5,(anonymous_12)
FNDA:25,(anonymous_13)
FNDA:4,(anonymous_14)
FNDA:56,(anonymous_15)
DA:2,2
DA:10,28
DA:34,57
DA:53,1
DA:59,1
DA:69,1
DA:70,165
DA:71,165
DA:72,165
DA:75,1
DA:76,2
DA:77,2
DA:78,2
DA:82,1
DA:83,43
DA:86,1
DA:87,6
DA:88,5
DA:91,1
DA:92,6
DA:93,5
DA:96,1
DA:97,12
DA:98,12
DA:101,1
DA:102,21
DA:103,21
DA:107,1
DA:108,5
DA:109,25
DA:110,25
DA:112,25
DA:123,1
DA:124,4
DA:125,56
DA:127,56
LF:36
LH:36
BRDA:2,0,0,1
BRDA:10,1,0,3
BRDA:34,2,0,1
BRDA:59,3,0,1
BRDA:83,4,0,43
BRDA:83,4,1,41
BRDA:87,5,0,1
BRDA:87,5,1,5
BRDA:88,6,0,5
BRDA:88,6,1,4
BRDA:92,7,0,1
BRDA:92,7,1,5
BRDA:93,8,0,5
BRDA:93,8,1,4
BRDA:107,9,0,5
BRDA:114,10,0,13
BRDA:114,10,1,12
BRDA:118,11,0,13
BRDA:118,11,1,12
BRDA:123,12,0,3
BRF:20
BRH:20
end_of_record
TN:
SF:src/weatherData/mockData.ts
FN:4,(anonymous_0)
FN:39,(anonymous_1)
FNF:2
FNH:2
FNDA:96,(anonymous_0)
FNDA:28,(anonymous_1)
DA:2,2
DA:5,96
DA:6,96
DA:7,96
DA:8,96
DA:11,96
DA:12,96
DA:13,96
DA:14,96
DA:16,96
DA:37,2
DA:40,28
DA:41,28
DA:43,28
DA:44,28
DA:46,28
LF:16
LH:16
BRDA:26,0,0,42
BRDA:26,0,1,54
BRDA:48,1,0,14
BRDA:48,1,1,14
BRDA:52,2,0,14
BRDA:52,2,1,14
BRDA:61,3,0,14
BRDA:61,3,1,14
BRDA:64,4,0,12
BRDA:64,4,1,16
BRF:10
BRH:10
end_of_record
TN:
SF:src/weatherData/weatherApi.ts
FN:79,makeWeatherApiCall
FN:91,get12HourForecast
FN:99,getHourlyForecast
FN:107,getWeatherForArea
FNF:4
FNH:4
FNDA:6,makeWeatherApiCall
FNDA:3,get12HourForecast
FNDA:3,getHourlyForecast
FNDA:3,getWeatherForArea
DA:77,2
DA:79,2
DA:83,6
DA:84,6
DA:85,5
DA:86,2
DA:88,3
DA:91,2
DA:92,3
DA:93,3
DA:94,1
DA:96,2
DA:99,2
DA:100,3
DA:101,3
DA:102,1
DA:104,2
DA:107,2
DA:108,3
DA:110,2
DA:111,1
DA:113,1
LF:22
LH:22
BRDA:85,0,0,2
BRDA:85,0,1,3
BRDA:93,1,0,1
BRDA:93,1,1,2
BRDA:101,2,0,1
BRDA:101,2,1,2
BRDA:107,3,0,2
BRDA:110,4,0,1
BRDA:110,4,1,1
BRF:9
BRH:9
end_of_record
