TN:
SF:src/App.tsx
FN:10,App
FN:19,(anonymous_2)
FN:40,(anonymous_3)
FN:44,(anonymous_4)
FN:78,(anonymous_5)
FN:80,(anonymous_6)
FN:93,(anonymous_7)
FN:99,(anonymous_8)
FNF:8
FNH:7
FNDA:48,App
FNDA:17,(anonymous_2)
FNDA:17,(anonymous_3)
FNDA:47,(anonymous_4)
FNDA:2,(anonymous_5)
FNDA:329,(anonymous_6)
FNDA:0,(anonymous_7)
FNDA:3,(anonymous_8)
DA:1,1
DA:2,1
DA:3,1
DA:4,1
DA:5,1
DA:6,1
DA:11,48
DA:12,47
DA:13,47
DA:14,47
DA:15,47
DA:17,47
DA:19,47
DA:20,17
DA:22,17
DA:23,17
DA:25,17
DA:26,17
DA:27,17
DA:28,16
DA:30,1
DA:32,1
DA:33,1
DA:34,1
DA:36,17
DA:40,47
DA:41,17
DA:44,47
DA:45,47
DA:46,17
DA:49,30
DA:50,0
DA:53,30
DA:54,13
DA:57,17
DA:58,6
DA:60,11
DA:64,47
DA:78,2
DA:81,329
DA:93,0
DA:99,3
DA:116,1
LF:43
LH:41
BRDA:20,0,0,0
BRDA:20,0,1,17
BRDA:32,1,0,0
BRDA:32,1,1,1
BRDA:45,2,0,17
BRDA:45,2,1,30
BRDA:49,3,0,0
BRDA:49,3,1,30
BRDA:53,4,0,13
BRDA:53,4,1,17
BRDA:57,5,0,6
BRDA:57,5,1,11
BRDA:92,6,0,38
BRDA:92,6,1,9
BRDA:98,7,0,9
BRDA:98,7,1,38
BRF:16
BRH:13
end_of_record
TN:
SF:src/components/ForecastTable.tsx
FN:7,(anonymous_0)
FN:8,(anonymous_1)
FN:16,(anonymous_2)
FN:31,(anonymous_3)
FN:34,(anonymous_4)
FN:35,(anonymous_5)
FN:77,(anonymous_6)
FNF:7
FNH:7
FNDA:11,(anonymous_0)
FNDA:33,(anonymous_1)
FNDA:33,(anonymous_2)
FNDA:11,(anonymous_3)
FNDA:33,(anonymous_4)
FNDA:33,(anonymous_5)
FNDA:33,(anonymous_6)
DA:7,1
DA:8,11
DA:9,33
DA:16,11
DA:17,33
DA:18,9
DA:31,11
DA:32,11
DA:34,11
DA:35,33
DA:36,33
DA:37,33
DA:38,33
DA:39,33
DA:41,33
DA:42,33
DA:43,0
DA:44,0
DA:46,0
DA:50,33
DA:58,11
DA:60,11
DA:78,33
DA:114,1
LF:24
LH:21
BRDA:10,0,0,17
BRDA:10,0,1,16
BRDA:17,1,0,24
BRDA:17,1,1,9
BRDA:17,2,0,33
BRDA:17,2,1,9
BRDA:41,3,0,33
BRDA:41,3,1,0
BRDA:42,4,0,17
BRDA:42,4,1,16
BRDA:43,5,0,0
BRDA:43,5,1,0
BRDA:44,6,0,0
BRDA:44,6,1,0
BRDA:53,7,0,33
BRDA:53,7,1,24
BRF:16
BRH:11
end_of_record
TN:
SF:src/components/HourlyChart.tsx
FN:9,(anonymous_0)
FN:13,(anonymous_1)
FN:52,(anonymous_2)
FN:70,(anonymous_3)
FN:83,(anonymous_4)
FN:105,(anonymous_5)
FN:116,(anonymous_6)
FNF:7
FNH:5
FNDA:15,(anonymous_0)
FNDA:15,(anonymous_1)
FNDA:625,(anonymous_2)
FNDA:0,(anonymous_3)
FNDA:0,(anonymous_4)
FNDA:3,(anonymous_5)
FNDA:120,(anonymous_6)
DA:1,1
DA:2,1
DA:9,1
DA:10,15
DA:13,15
DA:14,15
DA:15,15
DA:17,15
DA:18,120
DA:19,120
DA:22,120
DA:23,15
DA:24,105
DA:25,45
DA:27,60
DA:28,60
DA:29,60
DA:30,15
DA:32,45
DA:36,120
DA:48,15
DA:52,15
DA:53,625
DA:54,625
DA:70,15
DA:71,0
DA:72,0
DA:74,0
DA:75,0
DA:77,0
DA:78,0
DA:80,0
DA:83,15
DA:84,0
DA:85,0
DA:87,0
DA:90,15
DA:92,15
DA:105,3
DA:117,120
DA:230,1
LF:41
LH:31
BRDA:22,0,0,15
BRDA:22,0,1,105
BRDA:24,1,0,45
BRDA:24,1,1,60
BRDA:29,2,0,15
BRDA:29,2,1,45
BRDA:30,3,0,0
BRDA:30,3,1,15
BRDA:32,4,0,0
BRDA:32,4,1,45
BRDA:65,5,0,625
BRDA:65,5,1,1
BRDA:66,6,0,625
BRDA:66,6,1,497
BRDA:71,7,0,0
BRDA:71,7,1,0
BRDA:74,8,0,0
BRDA:74,8,1,0
BRDA:77,9,0,0
BRDA:77,9,1,0
BRDA:84,10,0,0
BRDA:84,10,1,0
BRDA:84,11,0,0
BRDA:84,11,1,0
BRF:24
BRH:12
end_of_record
TN:
SF:src/utils/testUtils.ts
FN:2,(anonymous_0)
FN:10,(anonymous_1)
FN:34,(anonymous_2)
FN:53,(anonymous_3)
FN:59,(anonymous_4)
FN:69,(anonymous_5)
FN:75,(anonymous_6)
FN:82,(anonymous_7)
FN:86,(anonymous_8)
FN:91,(anonymous_9)
FN:96,(anonymous_10)
FN:101,(anonymous_11)
FN:107,(anonymous_12)
FN:108,(anonymous_13)
FN:123,(anonymous_14)
FN:124,(anonymous_15)
FNF:16
FNH:16
FNDA:2,(anonymous_0)
FNDA:28,(anonymous_1)
FNDA:57,(anonymous_2)
FNDA:1,(anonymous_3)
FNDA:1,(anonymous_4)
FNDA:165,(anonymous_5)
FNDA:2,(anonymous_6)
FNDA:43,(anonymous_7)
FNDA:6,(anonymous_8)
FNDA:6,(anonymous_9)
FNDA:12,(anonymous_10)
FNDA:21,(anonymous_11)
FNDA:5,(anonymous_12)
FNDA:25,(anonymous_13)
FNDA:4,(anonymous_14)
FNDA:56,(anonymous_15)
DA:2,2
DA:10,28
DA:34,57
DA:53,1
DA:59,1
DA:69,1
DA:70,165
DA:71,165
DA:72,165
DA:75,1
DA:76,2
DA:77,2
DA:78,2
DA:82,1
DA:83,43
DA:86,1
DA:87,6
DA:88,5
DA:91,1
DA:92,6
DA:93,5
DA:96,1
DA:97,12
DA:98,12
DA:101,1
DA:102,21
DA:103,21
DA:107,1
DA:108,5
DA:109,25
DA:110,25
DA:112,25
DA:123,1
DA:124,4
DA:125,56
DA:127,56
LF:36
LH:36
BRDA:2,0,0,1
BRDA:10,1,0,3
BRDA:34,2,0,1
BRDA:59,3,0,1
BRDA:83,4,0,43
BRDA:83,4,1,41
BRDA:87,5,0,1
BRDA:87,5,1,5
BRDA:88,6,0,5
BRDA:88,6,1,4
BRDA:92,7,0,1
BRDA:92,7,1,5
BRDA:93,8,0,5
BRDA:93,8,1,4
BRDA:107,9,0,5
BRDA:114,10,0,13
BRDA:114,10,1,12
BRDA:118,11,0,13
BRDA:118,11,1,12
BRDA:123,12,0,3
BRF:20
BRH:20
end_of_record
TN:
SF:src/weatherData/mockData.ts
FN:4,(anonymous_0)
FN:39,(anonymous_1)
FNF:2
FNH:2
FNDA:96,(anonymous_0)
FNDA:28,(anonymous_1)
DA:2,2
DA:5,96
DA:6,96
DA:7,96
DA:8,96
DA:11,96
DA:12,96
DA:13,96
DA:14,96
DA:16,96
DA:37,2
DA:40,28
DA:41,28
DA:43,28
DA:44,28
DA:46,28
LF:16
LH:16
BRDA:26,0,0,30
BRDA:26,0,1,66
BRDA:48,1,0,14
BRDA:48,1,1,14
BRDA:52,2,0,14
BRDA:52,2,1,14
BRDA:61,3,0,14
BRDA:61,3,1,14
BRDA:64,4,0,8
BRDA:64,4,1,20
BRF:10
BRH:10
end_of_record
TN:
SF:src/weatherData/weatherApi.ts
FN:79,makeWeatherApiCall
FN:91,get12HourForecast
FN:99,getHourlyForecast
FN:107,getWeatherForArea
FNF:4
FNH:4
FNDA:6,makeWeatherApiCall
FNDA:3,get12HourForecast
FNDA:3,getHourlyForecast
FNDA:3,getWeatherForArea
DA:77,2
DA:79,2
DA:83,6
DA:84,6
DA:85,5
DA:86,2
DA:88,3
DA:91,2
DA:92,3
DA:93,3
DA:94,1
DA:96,2
DA:99,2
DA:100,3
DA:101,3
DA:102,1
DA:104,2
DA:107,2
DA:108,3
DA:110,2
DA:111,1
DA:113,1
LF:22
LH:22
BRDA:85,0,0,2
BRDA:85,0,1,3
BRDA:93,1,0,1
BRDA:93,1,1,2
BRDA:101,2,0,1
BRDA:101,2,1,2
BRDA:107,3,0,2
BRDA:110,4,0,1
BRDA:110,4,1,1
BRF:9
BRH:9
end_of_record
